-- The C compiler identification is GNU 9.4.0
-- The CXX compiler identification is GNU 9.4.0
-- Check for working C compiler: /usr/bin/cc
-- Check for working C compiler: /usr/bin/cc -- works
-- Detecting C compiler ABI info
-- Detecting C compiler ABI info - done
-- Detecting C compile features
-- Detecting C compile features - done
-- Check for working CXX compiler: /usr/bin/c++
-- Check for working CXX compiler: /usr/bin/c++ -- works
-- Detecting CXX compiler ABI info
-- Detecting CXX compiler ABI info - done
-- Detecting CXX compile features
-- Detecting CXX compile features - done
-- Found GTest: /usr/lib/x86_64-linux-gnu/libgtest.a  
-- Found Python: /usr/bin/python3.8 (found version "3.8.10") found components: Interpreter 
-- Found Threads: TRUE  
-- Configuring done
-- Generating done
-- Build files have been written to: /home/zaynutdin/CLionProjects/tp_cpp_hw1/build
make: вход в каталог «/home/zaynutdin/CLionProjects/tp_cpp_hw1/build»
make[1]: вход в каталог «/home/zaynutdin/CLionProjects/tp_cpp_hw1/build»
make[2]: вход в каталог «/home/zaynutdin/CLionProjects/tp_cpp_hw1/build»
Scanning dependencies of target food_lib
make[2]: выход из каталога «/home/zaynutdin/CLionProjects/tp_cpp_hw1/build»
make[2]: вход в каталог «/home/zaynutdin/CLionProjects/tp_cpp_hw1/build»
[  5%] Building C object CMakeFiles/food_lib.dir/src/food.c.o
[ 11%] Building C object CMakeFiles/food_lib.dir/src/utils.c.o
[ 17%] Linking C static library libfood_lib.a
make[2]: выход из каталога «/home/zaynutdin/CLionProjects/tp_cpp_hw1/build»
[ 17%] Built target food_lib
make[2]: вход в каталог «/home/zaynutdin/CLionProjects/tp_cpp_hw1/build»
Scanning dependencies of target HW1
make[2]: выход из каталога «/home/zaynutdin/CLionProjects/tp_cpp_hw1/build»
make[2]: вход в каталог «/home/zaynutdin/CLionProjects/tp_cpp_hw1/build»
[ 23%] Building C object CMakeFiles/HW1.dir/main.c.o
[ 29%] Linking C executable HW1
make[2]: выход из каталога «/home/zaynutdin/CLionProjects/tp_cpp_hw1/build»
[ 29%] Built target HW1
make[2]: вход в каталог «/home/zaynutdin/CLionProjects/tp_cpp_hw1/build»
Scanning dependencies of target gtest
make[2]: выход из каталога «/home/zaynutdin/CLionProjects/tp_cpp_hw1/build»
make[2]: вход в каталог «/home/zaynutdin/CLionProjects/tp_cpp_hw1/build»
[ 35%] Building CXX object _deps/googletest-build/googletest/CMakeFiles/gtest.dir/src/gtest-all.cc.o
[ 41%] Linking CXX static library ../../../lib/libgtest.a
make[2]: выход из каталога «/home/zaynutdin/CLionProjects/tp_cpp_hw1/build»
[ 41%] Built target gtest
make[2]: вход в каталог «/home/zaynutdin/CLionProjects/tp_cpp_hw1/build»
Scanning dependencies of target gtest_main
make[2]: выход из каталога «/home/zaynutdin/CLionProjects/tp_cpp_hw1/build»
make[2]: вход в каталог «/home/zaynutdin/CLionProjects/tp_cpp_hw1/build»
[ 47%] Building CXX object _deps/googletest-build/googletest/CMakeFiles/gtest_main.dir/src/gtest_main.cc.o
[ 52%] Linking CXX static library ../../../lib/libgtest_main.a
make[2]: выход из каталога «/home/zaynutdin/CLionProjects/tp_cpp_hw1/build»
[ 52%] Built target gtest_main
make[2]: вход в каталог «/home/zaynutdin/CLionProjects/tp_cpp_hw1/build»
Scanning dependencies of target my_first_test
make[2]: выход из каталога «/home/zaynutdin/CLionProjects/tp_cpp_hw1/build»
make[2]: вход в каталог «/home/zaynutdin/CLionProjects/tp_cpp_hw1/build»
[ 58%] Building CXX object tests/CMakeFiles/my_first_test.dir/tests.cpp.o
[ 64%] Building C object tests/CMakeFiles/my_first_test.dir/__/src/utils.c.o
[ 70%] Building C object tests/CMakeFiles/my_first_test.dir/__/src/food.c.o
[ 76%] Linking CXX executable my_first_test
make[2]: выход из каталога «/home/zaynutdin/CLionProjects/tp_cpp_hw1/build»
[ 76%] Built target my_first_test
make[2]: вход в каталог «/home/zaynutdin/CLionProjects/tp_cpp_hw1/build»
Scanning dependencies of target gmock
make[2]: выход из каталога «/home/zaynutdin/CLionProjects/tp_cpp_hw1/build»
make[2]: вход в каталог «/home/zaynutdin/CLionProjects/tp_cpp_hw1/build»
[ 82%] Building CXX object _deps/googletest-build/googlemock/CMakeFiles/gmock.dir/src/gmock-all.cc.o
[ 88%] Linking CXX static library ../../../lib/libgmock.a
make[2]: выход из каталога «/home/zaynutdin/CLionProjects/tp_cpp_hw1/build»
[ 88%] Built target gmock
make[2]: вход в каталог «/home/zaynutdin/CLionProjects/tp_cpp_hw1/build»
Scanning dependencies of target gmock_main
make[2]: выход из каталога «/home/zaynutdin/CLionProjects/tp_cpp_hw1/build»
make[2]: вход в каталог «/home/zaynutdin/CLionProjects/tp_cpp_hw1/build»
[ 94%] Building CXX object _deps/googletest-build/googlemock/CMakeFiles/gmock_main.dir/src/gmock_main.cc.o
[100%] Linking CXX static library ../../../lib/libgmock_main.a
make[2]: выход из каталога «/home/zaynutdin/CLionProjects/tp_cpp_hw1/build»
[100%] Built target gmock_main
make[1]: выход из каталога «/home/zaynutdin/CLionProjects/tp_cpp_hw1/build»
make: выход из каталога «/home/zaynutdin/CLionProjects/tp_cpp_hw1/build»
-- The C compiler identification is GNU 9.4.0
-- The CXX compiler identification is GNU 9.4.0
-- Check for working C compiler: /usr/bin/cc
-- Check for working C compiler: /usr/bin/cc -- works
-- Detecting C compiler ABI info
-- Detecting C compiler ABI info - done
-- Detecting C compile features
-- Detecting C compile features - done
-- Check for working CXX compiler: /usr/bin/c++
-- Check for working CXX compiler: /usr/bin/c++ -- works
-- Detecting CXX compiler ABI info
-- Detecting CXX compiler ABI info - done
-- Detecting CXX compile features
-- Detecting CXX compile features - done
-- Found GTest: /usr/lib/x86_64-linux-gnu/libgtest.a  
-- Found Python: /usr/bin/python3.8 (found version "3.8.10") found components: Interpreter 
-- Found Threads: TRUE  
-- Configuring done
-- Generating done
-- Build files have been written to: /home/zaynutdin/CLionProjects/tp_cpp_hw1/build
make: вход в каталог «/home/zaynutdin/CLionProjects/tp_cpp_hw1/build»
make[1]: вход в каталог «/home/zaynutdin/CLionProjects/tp_cpp_hw1/build»
make[2]: вход в каталог «/home/zaynutdin/CLionProjects/tp_cpp_hw1/build»
Scanning dependencies of target food_lib
make[2]: выход из каталога «/home/zaynutdin/CLionProjects/tp_cpp_hw1/build»
make[2]: вход в каталог «/home/zaynutdin/CLionProjects/tp_cpp_hw1/build»
[  5%] Building C object CMakeFiles/food_lib.dir/src/food.c.o
[ 11%] Building C object CMakeFiles/food_lib.dir/src/utils.c.o
[ 17%] Linking C static library libfood_lib.a
make[2]: выход из каталога «/home/zaynutdin/CLionProjects/tp_cpp_hw1/build»
[ 17%] Built target food_lib
make[2]: вход в каталог «/home/zaynutdin/CLionProjects/tp_cpp_hw1/build»
Scanning dependencies of target HW1
make[2]: выход из каталога «/home/zaynutdin/CLionProjects/tp_cpp_hw1/build»
make[2]: вход в каталог «/home/zaynutdin/CLionProjects/tp_cpp_hw1/build»
[ 23%] Building C object CMakeFiles/HW1.dir/main.c.o
[ 29%] Linking C executable HW1
make[2]: выход из каталога «/home/zaynutdin/CLionProjects/tp_cpp_hw1/build»
[ 29%] Built target HW1
make[2]: вход в каталог «/home/zaynutdin/CLionProjects/tp_cpp_hw1/build»
Scanning dependencies of target gtest
make[2]: выход из каталога «/home/zaynutdin/CLionProjects/tp_cpp_hw1/build»
make[2]: вход в каталог «/home/zaynutdin/CLionProjects/tp_cpp_hw1/build»
[ 35%] Building CXX object _deps/googletest-build/googletest/CMakeFiles/gtest.dir/src/gtest-all.cc.o
[ 41%] Linking CXX static library ../../../lib/libgtest.a
make[2]: выход из каталога «/home/zaynutdin/CLionProjects/tp_cpp_hw1/build»
[ 41%] Built target gtest
make[2]: вход в каталог «/home/zaynutdin/CLionProjects/tp_cpp_hw1/build»
Scanning dependencies of target gtest_main
make[2]: выход из каталога «/home/zaynutdin/CLionProjects/tp_cpp_hw1/build»
make[2]: вход в каталог «/home/zaynutdin/CLionProjects/tp_cpp_hw1/build»
[ 47%] Building CXX object _deps/googletest-build/googletest/CMakeFiles/gtest_main.dir/src/gtest_main.cc.o
[ 52%] Linking CXX static library ../../../lib/libgtest_main.a
make[2]: выход из каталога «/home/zaynutdin/CLionProjects/tp_cpp_hw1/build»
[ 52%] Built target gtest_main
make[2]: вход в каталог «/home/zaynutdin/CLionProjects/tp_cpp_hw1/build»
Scanning dependencies of target my_first_test
make[2]: выход из каталога «/home/zaynutdin/CLionProjects/tp_cpp_hw1/build»
make[2]: вход в каталог «/home/zaynutdin/CLionProjects/tp_cpp_hw1/build»
[ 58%] Building CXX object tests/CMakeFiles/my_first_test.dir/tests.cpp.o
[ 64%] Building C object tests/CMakeFiles/my_first_test.dir/__/src/utils.c.o
[ 70%] Building C object tests/CMakeFiles/my_first_test.dir/__/src/food.c.o
[ 76%] Linking CXX executable my_first_test
make[2]: выход из каталога «/home/zaynutdin/CLionProjects/tp_cpp_hw1/build»
[ 76%] Built target my_first_test
make[2]: вход в каталог «/home/zaynutdin/CLionProjects/tp_cpp_hw1/build»
Scanning dependencies of target gmock
make[2]: выход из каталога «/home/zaynutdin/CLionProjects/tp_cpp_hw1/build»
make[2]: вход в каталог «/home/zaynutdin/CLionProjects/tp_cpp_hw1/build»
[ 82%] Building CXX object _deps/googletest-build/googlemock/CMakeFiles/gmock.dir/src/gmock-all.cc.o
[ 88%] Linking CXX static library ../../../lib/libgmock.a
make[2]: выход из каталога «/home/zaynutdin/CLionProjects/tp_cpp_hw1/build»
[ 88%] Built target gmock
make[2]: вход в каталог «/home/zaynutdin/CLionProjects/tp_cpp_hw1/build»
Scanning dependencies of target gmock_main
make[2]: выход из каталога «/home/zaynutdin/CLionProjects/tp_cpp_hw1/build»
make[2]: вход в каталог «/home/zaynutdin/CLionProjects/tp_cpp_hw1/build»
[ 94%] Building CXX object _deps/googletest-build/googlemock/CMakeFiles/gmock_main.dir/src/gmock_main.cc.o
[100%] Linking CXX static library ../../../lib/libgmock_main.a
make[2]: выход из каталога «/home/zaynutdin/CLionProjects/tp_cpp_hw1/build»
[100%] Built target gmock_main
make[1]: выход из каталога «/home/zaynutdin/CLionProjects/tp_cpp_hw1/build»
make: выход из каталога «/home/zaynutdin/CLionProjects/tp_cpp_hw1/build»
-- The C compiler identification is GNU 9.4.0
-- The CXX compiler identification is GNU 9.4.0
-- Check for working C compiler: /usr/bin/cc
-- Check for working C compiler: /usr/bin/cc -- works
-- Detecting C compiler ABI info
-- Detecting C compiler ABI info - done
-- Detecting C compile features
-- Detecting C compile features - done
-- Check for working CXX compiler: /usr/bin/c++
-- Check for working CXX compiler: /usr/bin/c++ -- works
-- Detecting CXX compiler ABI info
-- Detecting CXX compiler ABI info - done
-- Detecting CXX compile features
-- Detecting CXX compile features - done
-- Found GTest: /usr/lib/x86_64-linux-gnu/libgtest.a  
-- Found Python: /usr/bin/python3.8 (found version "3.8.10") found components: Interpreter 
-- Found Threads: TRUE  
-- Configuring done
-- Generating done
-- Build files have been written to: /home/zaynutdin/CLionProjects/tp_cpp_hw1/build
make: вход в каталог «/home/zaynutdin/CLionProjects/tp_cpp_hw1/build»
make[1]: вход в каталог «/home/zaynutdin/CLionProjects/tp_cpp_hw1/build»
make[2]: вход в каталог «/home/zaynutdin/CLionProjects/tp_cpp_hw1/build»
Scanning dependencies of target food_lib
make[2]: выход из каталога «/home/zaynutdin/CLionProjects/tp_cpp_hw1/build»
make[2]: вход в каталог «/home/zaynutdin/CLionProjects/tp_cpp_hw1/build»
[  5%] Building C object CMakeFiles/food_lib.dir/src/food.c.o
[ 11%] Building C object CMakeFiles/food_lib.dir/src/utils.c.o
[ 17%] Linking C static library libfood_lib.a
make[2]: выход из каталога «/home/zaynutdin/CLionProjects/tp_cpp_hw1/build»
[ 17%] Built target food_lib
make[2]: вход в каталог «/home/zaynutdin/CLionProjects/tp_cpp_hw1/build»
Scanning dependencies of target HW1
make[2]: выход из каталога «/home/zaynutdin/CLionProjects/tp_cpp_hw1/build»
make[2]: вход в каталог «/home/zaynutdin/CLionProjects/tp_cpp_hw1/build»
[ 23%] Building C object CMakeFiles/HW1.dir/main.c.o
[ 29%] Linking C executable HW1
make[2]: выход из каталога «/home/zaynutdin/CLionProjects/tp_cpp_hw1/build»
[ 29%] Built target HW1
make[2]: вход в каталог «/home/zaynutdin/CLionProjects/tp_cpp_hw1/build»
Scanning dependencies of target gtest
make[2]: выход из каталога «/home/zaynutdin/CLionProjects/tp_cpp_hw1/build»
make[2]: вход в каталог «/home/zaynutdin/CLionProjects/tp_cpp_hw1/build»
[ 35%] Building CXX object _deps/googletest-build/googletest/CMakeFiles/gtest.dir/src/gtest-all.cc.o
[ 41%] Linking CXX static library ../../../lib/libgtest.a
make[2]: выход из каталога «/home/zaynutdin/CLionProjects/tp_cpp_hw1/build»
[ 41%] Built target gtest
make[2]: вход в каталог «/home/zaynutdin/CLionProjects/tp_cpp_hw1/build»
Scanning dependencies of target gtest_main
make[2]: выход из каталога «/home/zaynutdin/CLionProjects/tp_cpp_hw1/build»
make[2]: вход в каталог «/home/zaynutdin/CLionProjects/tp_cpp_hw1/build»
[ 47%] Building CXX object _deps/googletest-build/googletest/CMakeFiles/gtest_main.dir/src/gtest_main.cc.o
[ 52%] Linking CXX static library ../../../lib/libgtest_main.a
make[2]: выход из каталога «/home/zaynutdin/CLionProjects/tp_cpp_hw1/build»
[ 52%] Built target gtest_main
make[2]: вход в каталог «/home/zaynutdin/CLionProjects/tp_cpp_hw1/build»
Scanning dependencies of target my_first_test
make[2]: выход из каталога «/home/zaynutdin/CLionProjects/tp_cpp_hw1/build»
make[2]: вход в каталог «/home/zaynutdin/CLionProjects/tp_cpp_hw1/build»
[ 58%] Building CXX object tests/CMakeFiles/my_first_test.dir/tests.cpp.o
[ 64%] Building C object tests/CMakeFiles/my_first_test.dir/__/src/utils.c.o
[ 70%] Building C object tests/CMakeFiles/my_first_test.dir/__/src/food.c.o
[ 76%] Linking CXX executable my_first_test
make[2]: выход из каталога «/home/zaynutdin/CLionProjects/tp_cpp_hw1/build»
[ 76%] Built target my_first_test
make[2]: вход в каталог «/home/zaynutdin/CLionProjects/tp_cpp_hw1/build»
Scanning dependencies of target gmock
make[2]: выход из каталога «/home/zaynutdin/CLionProjects/tp_cpp_hw1/build»
make[2]: вход в каталог «/home/zaynutdin/CLionProjects/tp_cpp_hw1/build»
[ 82%] Building CXX object _deps/googletest-build/googlemock/CMakeFiles/gmock.dir/src/gmock-all.cc.o
[ 88%] Linking CXX static library ../../../lib/libgmock.a
make[2]: выход из каталога «/home/zaynutdin/CLionProjects/tp_cpp_hw1/build»
[ 88%] Built target gmock
make[2]: вход в каталог «/home/zaynutdin/CLionProjects/tp_cpp_hw1/build»
Scanning dependencies of target gmock_main
make[2]: выход из каталога «/home/zaynutdin/CLionProjects/tp_cpp_hw1/build»
make[2]: вход в каталог «/home/zaynutdin/CLionProjects/tp_cpp_hw1/build»
[ 94%] Building CXX object _deps/googletest-build/googlemock/CMakeFiles/gmock_main.dir/src/gmock_main.cc.o
[100%] Linking CXX static library ../../../lib/libgmock_main.a
make[2]: выход из каталога «/home/zaynutdin/CLionProjects/tp_cpp_hw1/build»
[100%] Built target gmock_main
make[1]: выход из каталога «/home/zaynutdin/CLionProjects/tp_cpp_hw1/build»
make: выход из каталога «/home/zaynutdin/CLionProjects/tp_cpp_hw1/build»
-- The C compiler identification is GNU 9.4.0
-- The CXX compiler identification is GNU 9.4.0
-- Check for working C compiler: /usr/bin/cc
-- Check for working C compiler: /usr/bin/cc -- works
-- Detecting C compiler ABI info
-- Detecting C compiler ABI info - done
-- Detecting C compile features
-- Detecting C compile features - done
-- Check for working CXX compiler: /usr/bin/c++
-- Check for working CXX compiler: /usr/bin/c++ -- works
-- Detecting CXX compiler ABI info
-- Detecting CXX compiler ABI info - done
-- Detecting CXX compile features
-- Detecting CXX compile features - done
-- Found GTest: /usr/lib/x86_64-linux-gnu/libgtest.a  
-- Found Python: /usr/bin/python3.8 (found version "3.8.10") found components: Interpreter 
-- Found Threads: TRUE  
-- Configuring done
-- Generating done
-- Build files have been written to: /home/zaynutdin/CLionProjects/tp_cpp_hw1/build
make: вход в каталог «/home/zaynutdin/CLionProjects/tp_cpp_hw1/build»
make[1]: вход в каталог «/home/zaynutdin/CLionProjects/tp_cpp_hw1/build»
make[2]: вход в каталог «/home/zaynutdin/CLionProjects/tp_cpp_hw1/build»
Scanning dependencies of target food_lib
make[2]: выход из каталога «/home/zaynutdin/CLionProjects/tp_cpp_hw1/build»
make[2]: вход в каталог «/home/zaynutdin/CLionProjects/tp_cpp_hw1/build»
[  5%] Building C object CMakeFiles/food_lib.dir/src/food.c.o
[ 11%] Building C object CMakeFiles/food_lib.dir/src/utils.c.o
[ 17%] Linking C static library libfood_lib.a
make[2]: выход из каталога «/home/zaynutdin/CLionProjects/tp_cpp_hw1/build»
[ 17%] Built target food_lib
make[2]: вход в каталог «/home/zaynutdin/CLionProjects/tp_cpp_hw1/build»
Scanning dependencies of target HW1
make[2]: выход из каталога «/home/zaynutdin/CLionProjects/tp_cpp_hw1/build»
make[2]: вход в каталог «/home/zaynutdin/CLionProjects/tp_cpp_hw1/build»
[ 23%] Building C object CMakeFiles/HW1.dir/main.c.o
[ 29%] Linking C executable HW1
make[2]: выход из каталога «/home/zaynutdin/CLionProjects/tp_cpp_hw1/build»
[ 29%] Built target HW1
make[2]: вход в каталог «/home/zaynutdin/CLionProjects/tp_cpp_hw1/build»
Scanning dependencies of target gtest
make[2]: выход из каталога «/home/zaynutdin/CLionProjects/tp_cpp_hw1/build»
make[2]: вход в каталог «/home/zaynutdin/CLionProjects/tp_cpp_hw1/build»
[ 35%] Building CXX object _deps/googletest-build/googletest/CMakeFiles/gtest.dir/src/gtest-all.cc.o
[ 41%] Linking CXX static library ../../../lib/libgtest.a
make[2]: выход из каталога «/home/zaynutdin/CLionProjects/tp_cpp_hw1/build»
[ 41%] Built target gtest
make[2]: вход в каталог «/home/zaynutdin/CLionProjects/tp_cpp_hw1/build»
Scanning dependencies of target gtest_main
make[2]: выход из каталога «/home/zaynutdin/CLionProjects/tp_cpp_hw1/build»
make[2]: вход в каталог «/home/zaynutdin/CLionProjects/tp_cpp_hw1/build»
[ 47%] Building CXX object _deps/googletest-build/googletest/CMakeFiles/gtest_main.dir/src/gtest_main.cc.o
[ 52%] Linking CXX static library ../../../lib/libgtest_main.a
make[2]: выход из каталога «/home/zaynutdin/CLionProjects/tp_cpp_hw1/build»
[ 52%] Built target gtest_main
make[2]: вход в каталог «/home/zaynutdin/CLionProjects/tp_cpp_hw1/build»
Scanning dependencies of target my_first_test
make[2]: выход из каталога «/home/zaynutdin/CLionProjects/tp_cpp_hw1/build»
make[2]: вход в каталог «/home/zaynutdin/CLionProjects/tp_cpp_hw1/build»
[ 58%] Building CXX object tests/CMakeFiles/my_first_test.dir/tests.cpp.o
[ 64%] Building C object tests/CMakeFiles/my_first_test.dir/__/src/utils.c.o
[ 70%] Building C object tests/CMakeFiles/my_first_test.dir/__/src/food.c.o
[ 76%] Linking CXX executable my_first_test
make[2]: выход из каталога «/home/zaynutdin/CLionProjects/tp_cpp_hw1/build»
[ 76%] Built target my_first_test
make[2]: вход в каталог «/home/zaynutdin/CLionProjects/tp_cpp_hw1/build»
Scanning dependencies of target gmock
make[2]: выход из каталога «/home/zaynutdin/CLionProjects/tp_cpp_hw1/build»
make[2]: вход в каталог «/home/zaynutdin/CLionProjects/tp_cpp_hw1/build»
[ 82%] Building CXX object _deps/googletest-build/googlemock/CMakeFiles/gmock.dir/src/gmock-all.cc.o
[ 88%] Linking CXX static library ../../../lib/libgmock.a
make[2]: выход из каталога «/home/zaynutdin/CLionProjects/tp_cpp_hw1/build»
[ 88%] Built target gmock
make[2]: вход в каталог «/home/zaynutdin/CLionProjects/tp_cpp_hw1/build»
Scanning dependencies of target gmock_main
make[2]: выход из каталога «/home/zaynutdin/CLionProjects/tp_cpp_hw1/build»
make[2]: вход в каталог «/home/zaynutdin/CLionProjects/tp_cpp_hw1/build»
[ 94%] Building CXX object _deps/googletest-build/googlemock/CMakeFiles/gmock_main.dir/src/gmock_main.cc.o
[100%] Linking CXX static library ../../../lib/libgmock_main.a
make[2]: выход из каталога «/home/zaynutdin/CLionProjects/tp_cpp_hw1/build»
[100%] Built target gmock_main
make[1]: выход из каталога «/home/zaynutdin/CLionProjects/tp_cpp_hw1/build»
make: выход из каталога «/home/zaynutdin/CLionProjects/tp_cpp_hw1/build»
-- The C compiler identification is GNU 9.4.0
-- The CXX compiler identification is GNU 9.4.0
-- Check for working C compiler: /usr/bin/cc
-- Check for working C compiler: /usr/bin/cc -- works
-- Detecting C compiler ABI info
-- Detecting C compiler ABI info - done
-- Detecting C compile features
-- Detecting C compile features - done
-- Check for working CXX compiler: /usr/bin/c++
-- Check for working CXX compiler: /usr/bin/c++ -- works
-- Detecting CXX compiler ABI info
-- Detecting CXX compiler ABI info - done
-- Detecting CXX compile features
-- Detecting CXX compile features - done
-- Found GTest: /usr/lib/x86_64-linux-gnu/libgtest.a  
-- Found Python: /usr/bin/python3.8 (found version "3.8.10") found components: Interpreter 
-- Found Threads: TRUE  
-- Configuring done
-- Generating done
-- Build files have been written to: /home/zaynutdin/CLionProjects/tp_cpp_hw1/build
make: вход в каталог «/home/zaynutdin/CLionProjects/tp_cpp_hw1/build»
make[1]: вход в каталог «/home/zaynutdin/CLionProjects/tp_cpp_hw1/build»
make[2]: вход в каталог «/home/zaynutdin/CLionProjects/tp_cpp_hw1/build»
Scanning dependencies of target food_lib
make[2]: выход из каталога «/home/zaynutdin/CLionProjects/tp_cpp_hw1/build»
make[2]: вход в каталог «/home/zaynutdin/CLionProjects/tp_cpp_hw1/build»
[  5%] Building C object CMakeFiles/food_lib.dir/src/food.c.o
[ 11%] Building C object CMakeFiles/food_lib.dir/src/utils.c.o
[ 17%] Linking C static library libfood_lib.a
make[2]: выход из каталога «/home/zaynutdin/CLionProjects/tp_cpp_hw1/build»
[ 17%] Built target food_lib
make[2]: вход в каталог «/home/zaynutdin/CLionProjects/tp_cpp_hw1/build»
Scanning dependencies of target HW1
make[2]: выход из каталога «/home/zaynutdin/CLionProjects/tp_cpp_hw1/build»
make[2]: вход в каталог «/home/zaynutdin/CLionProjects/tp_cpp_hw1/build»
[ 23%] Building C object CMakeFiles/HW1.dir/main.c.o
[ 29%] Linking C executable HW1
make[2]: выход из каталога «/home/zaynutdin/CLionProjects/tp_cpp_hw1/build»
[ 29%] Built target HW1
make[2]: вход в каталог «/home/zaynutdin/CLionProjects/tp_cpp_hw1/build»
Scanning dependencies of target gtest
make[2]: выход из каталога «/home/zaynutdin/CLionProjects/tp_cpp_hw1/build»
make[2]: вход в каталог «/home/zaynutdin/CLionProjects/tp_cpp_hw1/build»
[ 35%] Building CXX object _deps/googletest-build/googletest/CMakeFiles/gtest.dir/src/gtest-all.cc.o
[ 41%] Linking CXX static library ../../../lib/libgtest.a
make[2]: выход из каталога «/home/zaynutdin/CLionProjects/tp_cpp_hw1/build»
[ 41%] Built target gtest
make[2]: вход в каталог «/home/zaynutdin/CLionProjects/tp_cpp_hw1/build»
Scanning dependencies of target gtest_main
make[2]: выход из каталога «/home/zaynutdin/CLionProjects/tp_cpp_hw1/build»
make[2]: вход в каталог «/home/zaynutdin/CLionProjects/tp_cpp_hw1/build»
[ 47%] Building CXX object _deps/googletest-build/googletest/CMakeFiles/gtest_main.dir/src/gtest_main.cc.o
[ 52%] Linking CXX static library ../../../lib/libgtest_main.a
make[2]: выход из каталога «/home/zaynutdin/CLionProjects/tp_cpp_hw1/build»
[ 52%] Built target gtest_main
make[2]: вход в каталог «/home/zaynutdin/CLionProjects/tp_cpp_hw1/build»
Scanning dependencies of target my_first_test
make[2]: выход из каталога «/home/zaynutdin/CLionProjects/tp_cpp_hw1/build»
make[2]: вход в каталог «/home/zaynutdin/CLionProjects/tp_cpp_hw1/build»
[ 58%] Building CXX object tests/CMakeFiles/my_first_test.dir/tests.cpp.o
[ 64%] Building C object tests/CMakeFiles/my_first_test.dir/__/src/utils.c.o
[ 70%] Building C object tests/CMakeFiles/my_first_test.dir/__/src/food.c.o
[ 76%] Linking CXX executable my_first_test
make[2]: выход из каталога «/home/zaynutdin/CLionProjects/tp_cpp_hw1/build»
[ 76%] Built target my_first_test
make[2]: вход в каталог «/home/zaynutdin/CLionProjects/tp_cpp_hw1/build»
Scanning dependencies of target gmock
make[2]: выход из каталога «/home/zaynutdin/CLionProjects/tp_cpp_hw1/build»
make[2]: вход в каталог «/home/zaynutdin/CLionProjects/tp_cpp_hw1/build»
[ 82%] Building CXX object _deps/googletest-build/googlemock/CMakeFiles/gmock.dir/src/gmock-all.cc.o
[ 88%] Linking CXX static library ../../../lib/libgmock.a
make[2]: выход из каталога «/home/zaynutdin/CLionProjects/tp_cpp_hw1/build»
[ 88%] Built target gmock
make[2]: вход в каталог «/home/zaynutdin/CLionProjects/tp_cpp_hw1/build»
Scanning dependencies of target gmock_main
make[2]: выход из каталога «/home/zaynutdin/CLionProjects/tp_cpp_hw1/build»
make[2]: вход в каталог «/home/zaynutdin/CLionProjects/tp_cpp_hw1/build»
[ 94%] Building CXX object _deps/googletest-build/googlemock/CMakeFiles/gmock_main.dir/src/gmock_main.cc.o
[100%] Linking CXX static library ../../../lib/libgmock_main.a
make[2]: выход из каталога «/home/zaynutdin/CLionProjects/tp_cpp_hw1/build»
[100%] Built target gmock_main
make[1]: выход из каталога «/home/zaynutdin/CLionProjects/tp_cpp_hw1/build»
make: выход из каталога «/home/zaynutdin/CLionProjects/tp_cpp_hw1/build»
-- The C compiler identification is GNU 9.4.0
-- The CXX compiler identification is GNU 9.4.0
-- Check for working C compiler: /usr/bin/cc
-- Check for working C compiler: /usr/bin/cc -- works
-- Detecting C compiler ABI info
-- Detecting C compiler ABI info - done
-- Detecting C compile features
-- Detecting C compile features - done
-- Check for working CXX compiler: /usr/bin/c++
-- Check for working CXX compiler: /usr/bin/c++ -- works
-- Detecting CXX compiler ABI info
-- Detecting CXX compiler ABI info - done
-- Detecting CXX compile features
-- Detecting CXX compile features - done
-- Found GTest: /usr/lib/x86_64-linux-gnu/libgtest.a  
-- Found Python: /usr/bin/python3.8 (found version "3.8.10") found components: Interpreter 
-- Found Threads: TRUE  
-- Configuring done
-- Generating done
-- Build files have been written to: /home/zaynutdin/CLionProjects/tp_cpp_hw1/build
make: вход в каталог «/home/zaynutdin/CLionProjects/tp_cpp_hw1/build»
make[1]: вход в каталог «/home/zaynutdin/CLionProjects/tp_cpp_hw1/build»
make[2]: вход в каталог «/home/zaynutdin/CLionProjects/tp_cpp_hw1/build»
Scanning dependencies of target food_lib
make[2]: выход из каталога «/home/zaynutdin/CLionProjects/tp_cpp_hw1/build»
make[2]: вход в каталог «/home/zaynutdin/CLionProjects/tp_cpp_hw1/build»
[  5%] Building C object CMakeFiles/food_lib.dir/src/food.c.o
[ 11%] Building C object CMakeFiles/food_lib.dir/src/utils.c.o
[ 17%] Linking C static library libfood_lib.a
make[2]: выход из каталога «/home/zaynutdin/CLionProjects/tp_cpp_hw1/build»
[ 17%] Built target food_lib
make[2]: вход в каталог «/home/zaynutdin/CLionProjects/tp_cpp_hw1/build»
Scanning dependencies of target HW1
make[2]: выход из каталога «/home/zaynutdin/CLionProjects/tp_cpp_hw1/build»
make[2]: вход в каталог «/home/zaynutdin/CLionProjects/tp_cpp_hw1/build»
[ 23%] Building C object CMakeFiles/HW1.dir/main.c.o
[ 29%] Linking C executable HW1
make[2]: выход из каталога «/home/zaynutdin/CLionProjects/tp_cpp_hw1/build»
[ 29%] Built target HW1
make[2]: вход в каталог «/home/zaynutdin/CLionProjects/tp_cpp_hw1/build»
Scanning dependencies of target gtest
make[2]: выход из каталога «/home/zaynutdin/CLionProjects/tp_cpp_hw1/build»
make[2]: вход в каталог «/home/zaynutdin/CLionProjects/tp_cpp_hw1/build»
[ 35%] Building CXX object _deps/googletest-build/googletest/CMakeFiles/gtest.dir/src/gtest-all.cc.o
[ 41%] Linking CXX static library ../../../lib/libgtest.a
make[2]: выход из каталога «/home/zaynutdin/CLionProjects/tp_cpp_hw1/build»
[ 41%] Built target gtest
make[2]: вход в каталог «/home/zaynutdin/CLionProjects/tp_cpp_hw1/build»
Scanning dependencies of target gtest_main
make[2]: выход из каталога «/home/zaynutdin/CLionProjects/tp_cpp_hw1/build»
make[2]: вход в каталог «/home/zaynutdin/CLionProjects/tp_cpp_hw1/build»
[ 47%] Building CXX object _deps/googletest-build/googletest/CMakeFiles/gtest_main.dir/src/gtest_main.cc.o
[ 52%] Linking CXX static library ../../../lib/libgtest_main.a
make[2]: выход из каталога «/home/zaynutdin/CLionProjects/tp_cpp_hw1/build»
[ 52%] Built target gtest_main
make[2]: вход в каталог «/home/zaynutdin/CLionProjects/tp_cpp_hw1/build»
Scanning dependencies of target my_first_test
make[2]: выход из каталога «/home/zaynutdin/CLionProjects/tp_cpp_hw1/build»
make[2]: вход в каталог «/home/zaynutdin/CLionProjects/tp_cpp_hw1/build»
[ 58%] Building CXX object tests/CMakeFiles/my_first_test.dir/tests.cpp.o
[ 64%] Building C object tests/CMakeFiles/my_first_test.dir/__/src/utils.c.o
[ 70%] Building C object tests/CMakeFiles/my_first_test.dir/__/src/food.c.o
[ 76%] Linking CXX executable my_first_test
make[2]: выход из каталога «/home/zaynutdin/CLionProjects/tp_cpp_hw1/build»
[ 76%] Built target my_first_test
make[2]: вход в каталог «/home/zaynutdin/CLionProjects/tp_cpp_hw1/build»
Scanning dependencies of target gmock
make[2]: выход из каталога «/home/zaynutdin/CLionProjects/tp_cpp_hw1/build»
make[2]: вход в каталог «/home/zaynutdin/CLionProjects/tp_cpp_hw1/build»
[ 82%] Building CXX object _deps/googletest-build/googlemock/CMakeFiles/gmock.dir/src/gmock-all.cc.o
[ 88%] Linking CXX static library ../../../lib/libgmock.a
make[2]: выход из каталога «/home/zaynutdin/CLionProjects/tp_cpp_hw1/build»
[ 88%] Built target gmock
make[2]: вход в каталог «/home/zaynutdin/CLionProjects/tp_cpp_hw1/build»
Scanning dependencies of target gmock_main
make[2]: выход из каталога «/home/zaynutdin/CLionProjects/tp_cpp_hw1/build»
make[2]: вход в каталог «/home/zaynutdin/CLionProjects/tp_cpp_hw1/build»
[ 94%] Building CXX object _deps/googletest-build/googlemock/CMakeFiles/gmock_main.dir/src/gmock_main.cc.o
[100%] Linking CXX static library ../../../lib/libgmock_main.a
make[2]: выход из каталога «/home/zaynutdin/CLionProjects/tp_cpp_hw1/build»
[100%] Built target gmock_main
make[1]: выход из каталога «/home/zaynutdin/CLionProjects/tp_cpp_hw1/build»
make: выход из каталога «/home/zaynutdin/CLionProjects/tp_cpp_hw1/build»
-- The C compiler identification is GNU 9.4.0
-- The CXX compiler identification is GNU 9.4.0
-- Check for working C compiler: /usr/bin/cc
-- Check for working C compiler: /usr/bin/cc -- works
-- Detecting C compiler ABI info
-- Detecting C compiler ABI info - done
-- Detecting C compile features
-- Detecting C compile features - done
-- Check for working CXX compiler: /usr/bin/c++
-- Check for working CXX compiler: /usr/bin/c++ -- works
-- Detecting CXX compiler ABI info
-- Detecting CXX compiler ABI info - done
-- Detecting CXX compile features
-- Detecting CXX compile features - done
-- Found GTest: /usr/lib/x86_64-linux-gnu/libgtest.a  
-- Found Python: /usr/bin/python3.8 (found version "3.8.10") found components: Interpreter 
-- Found Threads: TRUE  
-- Configuring done
-- Generating done
-- Build files have been written to: /home/zaynutdin/CLionProjects/tp_cpp_hw1/build
make: вход в каталог «/home/zaynutdin/CLionProjects/tp_cpp_hw1/build»
make[1]: вход в каталог «/home/zaynutdin/CLionProjects/tp_cpp_hw1/build»
make[2]: вход в каталог «/home/zaynutdin/CLionProjects/tp_cpp_hw1/build»
Scanning dependencies of target food_lib
make[2]: выход из каталога «/home/zaynutdin/CLionProjects/tp_cpp_hw1/build»
make[2]: вход в каталог «/home/zaynutdin/CLionProjects/tp_cpp_hw1/build»
[  5%] Building C object CMakeFiles/food_lib.dir/src/food.c.o
[ 11%] Building C object CMakeFiles/food_lib.dir/src/utils.c.o
[ 17%] Linking C static library libfood_lib.a
make[2]: выход из каталога «/home/zaynutdin/CLionProjects/tp_cpp_hw1/build»
[ 17%] Built target food_lib
make[2]: вход в каталог «/home/zaynutdin/CLionProjects/tp_cpp_hw1/build»
Scanning dependencies of target HW1
make[2]: выход из каталога «/home/zaynutdin/CLionProjects/tp_cpp_hw1/build»
make[2]: вход в каталог «/home/zaynutdin/CLionProjects/tp_cpp_hw1/build»
[ 23%] Building C object CMakeFiles/HW1.dir/main.c.o
[ 29%] Linking C executable HW1
make[2]: выход из каталога «/home/zaynutdin/CLionProjects/tp_cpp_hw1/build»
[ 29%] Built target HW1
make[2]: вход в каталог «/home/zaynutdin/CLionProjects/tp_cpp_hw1/build»
Scanning dependencies of target gtest
make[2]: выход из каталога «/home/zaynutdin/CLionProjects/tp_cpp_hw1/build»
make[2]: вход в каталог «/home/zaynutdin/CLionProjects/tp_cpp_hw1/build»
[ 35%] Building CXX object _deps/googletest-build/googletest/CMakeFiles/gtest.dir/src/gtest-all.cc.o
[ 41%] Linking CXX static library ../../../lib/libgtest.a
make[2]: выход из каталога «/home/zaynutdin/CLionProjects/tp_cpp_hw1/build»
[ 41%] Built target gtest
make[2]: вход в каталог «/home/zaynutdin/CLionProjects/tp_cpp_hw1/build»
Scanning dependencies of target gtest_main
make[2]: выход из каталога «/home/zaynutdin/CLionProjects/tp_cpp_hw1/build»
make[2]: вход в каталог «/home/zaynutdin/CLionProjects/tp_cpp_hw1/build»
[ 47%] Building CXX object _deps/googletest-build/googletest/CMakeFiles/gtest_main.dir/src/gtest_main.cc.o
[ 52%] Linking CXX static library ../../../lib/libgtest_main.a
make[2]: выход из каталога «/home/zaynutdin/CLionProjects/tp_cpp_hw1/build»
[ 52%] Built target gtest_main
make[2]: вход в каталог «/home/zaynutdin/CLionProjects/tp_cpp_hw1/build»
Scanning dependencies of target my_first_test
make[2]: выход из каталога «/home/zaynutdin/CLionProjects/tp_cpp_hw1/build»
make[2]: вход в каталог «/home/zaynutdin/CLionProjects/tp_cpp_hw1/build»
[ 58%] Building CXX object tests/CMakeFiles/my_first_test.dir/tests.cpp.o
[ 64%] Building C object tests/CMakeFiles/my_first_test.dir/__/src/utils.c.o
[ 70%] Building C object tests/CMakeFiles/my_first_test.dir/__/src/food.c.o
[ 76%] Linking CXX executable my_first_test
make[2]: выход из каталога «/home/zaynutdin/CLionProjects/tp_cpp_hw1/build»
[ 76%] Built target my_first_test
make[2]: вход в каталог «/home/zaynutdin/CLionProjects/tp_cpp_hw1/build»
Scanning dependencies of target gmock
make[2]: выход из каталога «/home/zaynutdin/CLionProjects/tp_cpp_hw1/build»
make[2]: вход в каталог «/home/zaynutdin/CLionProjects/tp_cpp_hw1/build»
[ 82%] Building CXX object _deps/googletest-build/googlemock/CMakeFiles/gmock.dir/src/gmock-all.cc.o
[ 88%] Linking CXX static library ../../../lib/libgmock.a
make[2]: выход из каталога «/home/zaynutdin/CLionProjects/tp_cpp_hw1/build»
[ 88%] Built target gmock
make[2]: вход в каталог «/home/zaynutdin/CLionProjects/tp_cpp_hw1/build»
Scanning dependencies of target gmock_main
make[2]: выход из каталога «/home/zaynutdin/CLionProjects/tp_cpp_hw1/build»
make[2]: вход в каталог «/home/zaynutdin/CLionProjects/tp_cpp_hw1/build»
[ 94%] Building CXX object _deps/googletest-build/googlemock/CMakeFiles/gmock_main.dir/src/gmock_main.cc.o
[100%] Linking CXX static library ../../../lib/libgmock_main.a
make[2]: выход из каталога «/home/zaynutdin/CLionProjects/tp_cpp_hw1/build»
[100%] Built target gmock_main
make[1]: выход из каталога «/home/zaynutdin/CLionProjects/tp_cpp_hw1/build»
make: выход из каталога «/home/zaynutdin/CLionProjects/tp_cpp_hw1/build»
-- The C compiler identification is GNU 9.4.0
-- The CXX compiler identification is GNU 9.4.0
-- Check for working C compiler: /usr/bin/cc
-- Check for working C compiler: /usr/bin/cc -- works
-- Detecting C compiler ABI info
-- Detecting C compiler ABI info - done
-- Detecting C compile features
-- Detecting C compile features - done
-- Check for working CXX compiler: /usr/bin/c++
-- Check for working CXX compiler: /usr/bin/c++ -- works
-- Detecting CXX compiler ABI info
-- Detecting CXX compiler ABI info - done
-- Detecting CXX compile features
-- Detecting CXX compile features - done
-- Found GTest: /usr/lib/x86_64-linux-gnu/libgtest.a  
-- Found Python: /usr/bin/python3.8 (found version "3.8.10") found components: Interpreter 
-- Found Threads: TRUE  
-- Configuring done
-- Generating done
-- Build files have been written to: /home/zaynutdin/CLionProjects/tp_cpp_hw1/build
make: вход в каталог «/home/zaynutdin/CLionProjects/tp_cpp_hw1/build»
make[1]: вход в каталог «/home/zaynutdin/CLionProjects/tp_cpp_hw1/build»
make[2]: вход в каталог «/home/zaynutdin/CLionProjects/tp_cpp_hw1/build»
Scanning dependencies of target food_lib
make[2]: выход из каталога «/home/zaynutdin/CLionProjects/tp_cpp_hw1/build»
make[2]: вход в каталог «/home/zaynutdin/CLionProjects/tp_cpp_hw1/build»
[  5%] Building C object CMakeFiles/food_lib.dir/src/food.c.o
[ 11%] Building C object CMakeFiles/food_lib.dir/src/utils.c.o
[ 17%] Linking C static library libfood_lib.a
make[2]: выход из каталога «/home/zaynutdin/CLionProjects/tp_cpp_hw1/build»
[ 17%] Built target food_lib
make[2]: вход в каталог «/home/zaynutdin/CLionProjects/tp_cpp_hw1/build»
Scanning dependencies of target HW1
make[2]: выход из каталога «/home/zaynutdin/CLionProjects/tp_cpp_hw1/build»
make[2]: вход в каталог «/home/zaynutdin/CLionProjects/tp_cpp_hw1/build»
[ 23%] Building C object CMakeFiles/HW1.dir/main.c.o
[ 29%] Linking C executable HW1
make[2]: выход из каталога «/home/zaynutdin/CLionProjects/tp_cpp_hw1/build»
[ 29%] Built target HW1
make[2]: вход в каталог «/home/zaynutdin/CLionProjects/tp_cpp_hw1/build»
Scanning dependencies of target gtest
make[2]: выход из каталога «/home/zaynutdin/CLionProjects/tp_cpp_hw1/build»
make[2]: вход в каталог «/home/zaynutdin/CLionProjects/tp_cpp_hw1/build»
[ 35%] Building CXX object _deps/googletest-build/googletest/CMakeFiles/gtest.dir/src/gtest-all.cc.o
[ 41%] Linking CXX static library ../../../lib/libgtest.a
make[2]: выход из каталога «/home/zaynutdin/CLionProjects/tp_cpp_hw1/build»
[ 41%] Built target gtest
make[2]: вход в каталог «/home/zaynutdin/CLionProjects/tp_cpp_hw1/build»
Scanning dependencies of target gtest_main
make[2]: выход из каталога «/home/zaynutdin/CLionProjects/tp_cpp_hw1/build»
make[2]: вход в каталог «/home/zaynutdin/CLionProjects/tp_cpp_hw1/build»
[ 47%] Building CXX object _deps/googletest-build/googletest/CMakeFiles/gtest_main.dir/src/gtest_main.cc.o
[ 52%] Linking CXX static library ../../../lib/libgtest_main.a
make[2]: выход из каталога «/home/zaynutdin/CLionProjects/tp_cpp_hw1/build»
[ 52%] Built target gtest_main
make[2]: вход в каталог «/home/zaynutdin/CLionProjects/tp_cpp_hw1/build»
Scanning dependencies of target my_first_test
make[2]: выход из каталога «/home/zaynutdin/CLionProjects/tp_cpp_hw1/build»
make[2]: вход в каталог «/home/zaynutdin/CLionProjects/tp_cpp_hw1/build»
[ 58%] Building CXX object tests/CMakeFiles/my_first_test.dir/tests.cpp.o
[ 64%] Building C object tests/CMakeFiles/my_first_test.dir/__/src/utils.c.o
[ 70%] Building C object tests/CMakeFiles/my_first_test.dir/__/src/food.c.o
[ 76%] Linking CXX executable my_first_test
make[2]: выход из каталога «/home/zaynutdin/CLionProjects/tp_cpp_hw1/build»
[ 76%] Built target my_first_test
make[2]: вход в каталог «/home/zaynutdin/CLionProjects/tp_cpp_hw1/build»
Scanning dependencies of target gmock
make[2]: выход из каталога «/home/zaynutdin/CLionProjects/tp_cpp_hw1/build»
make[2]: вход в каталог «/home/zaynutdin/CLionProjects/tp_cpp_hw1/build»
[ 82%] Building CXX object _deps/googletest-build/googlemock/CMakeFiles/gmock.dir/src/gmock-all.cc.o
[ 88%] Linking CXX static library ../../../lib/libgmock.a
make[2]: выход из каталога «/home/zaynutdin/CLionProjects/tp_cpp_hw1/build»
[ 88%] Built target gmock
make[2]: вход в каталог «/home/zaynutdin/CLionProjects/tp_cpp_hw1/build»
Scanning dependencies of target gmock_main
make[2]: выход из каталога «/home/zaynutdin/CLionProjects/tp_cpp_hw1/build»
make[2]: вход в каталог «/home/zaynutdin/CLionProjects/tp_cpp_hw1/build»
[ 94%] Building CXX object _deps/googletest-build/googlemock/CMakeFiles/gmock_main.dir/src/gmock_main.cc.o
[100%] Linking CXX static library ../../../lib/libgmock_main.a
make[2]: выход из каталога «/home/zaynutdin/CLionProjects/tp_cpp_hw1/build»
[100%] Built target gmock_main
make[1]: выход из каталога «/home/zaynutdin/CLionProjects/tp_cpp_hw1/build»
make: выход из каталога «/home/zaynutdin/CLionProjects/tp_cpp_hw1/build»
-- The C compiler identification is GNU 9.4.0
-- The CXX compiler identification is GNU 9.4.0
-- Check for working C compiler: /usr/bin/cc
-- Check for working C compiler: /usr/bin/cc -- works
-- Detecting C compiler ABI info
-- Detecting C compiler ABI info - done
-- Detecting C compile features
-- Detecting C compile features - done
-- Check for working CXX compiler: /usr/bin/c++
-- Check for working CXX compiler: /usr/bin/c++ -- works
-- Detecting CXX compiler ABI info
-- Detecting CXX compiler ABI info - done
-- Detecting CXX compile features
-- Detecting CXX compile features - done
-- Found GTest: /usr/lib/x86_64-linux-gnu/libgtest.a  
-- Found Python: /usr/bin/python3.8 (found version "3.8.10") found components: Interpreter 
-- Found Threads: TRUE  
-- Configuring done
-- Generating done
-- Build files have been written to: /home/zaynutdin/CLionProjects/tp_cpp_hw1/build
make: вход в каталог «/home/zaynutdin/CLionProjects/tp_cpp_hw1/build»
make[1]: вход в каталог «/home/zaynutdin/CLionProjects/tp_cpp_hw1/build»
make[2]: вход в каталог «/home/zaynutdin/CLionProjects/tp_cpp_hw1/build»
Scanning dependencies of target food_lib
make[2]: выход из каталога «/home/zaynutdin/CLionProjects/tp_cpp_hw1/build»
make[2]: вход в каталог «/home/zaynutdin/CLionProjects/tp_cpp_hw1/build»
[  5%] Building C object CMakeFiles/food_lib.dir/src/food.c.o
[ 11%] Building C object CMakeFiles/food_lib.dir/src/utils.c.o
[ 17%] Linking C static library libfood_lib.a
make[2]: выход из каталога «/home/zaynutdin/CLionProjects/tp_cpp_hw1/build»
[ 17%] Built target food_lib
make[2]: вход в каталог «/home/zaynutdin/CLionProjects/tp_cpp_hw1/build»
Scanning dependencies of target HW1
make[2]: выход из каталога «/home/zaynutdin/CLionProjects/tp_cpp_hw1/build»
make[2]: вход в каталог «/home/zaynutdin/CLionProjects/tp_cpp_hw1/build»
[ 23%] Building C object CMakeFiles/HW1.dir/main.c.o
[ 29%] Linking C executable HW1
make[2]: выход из каталога «/home/zaynutdin/CLionProjects/tp_cpp_hw1/build»
[ 29%] Built target HW1
make[2]: вход в каталог «/home/zaynutdin/CLionProjects/tp_cpp_hw1/build»
Scanning dependencies of target gtest
make[2]: выход из каталога «/home/zaynutdin/CLionProjects/tp_cpp_hw1/build»
make[2]: вход в каталог «/home/zaynutdin/CLionProjects/tp_cpp_hw1/build»
[ 35%] Building CXX object _deps/googletest-build/googletest/CMakeFiles/gtest.dir/src/gtest-all.cc.o
[ 41%] Linking CXX static library ../../../lib/libgtest.a
make[2]: выход из каталога «/home/zaynutdin/CLionProjects/tp_cpp_hw1/build»
[ 41%] Built target gtest
make[2]: вход в каталог «/home/zaynutdin/CLionProjects/tp_cpp_hw1/build»
Scanning dependencies of target gtest_main
make[2]: выход из каталога «/home/zaynutdin/CLionProjects/tp_cpp_hw1/build»
make[2]: вход в каталог «/home/zaynutdin/CLionProjects/tp_cpp_hw1/build»
[ 47%] Building CXX object _deps/googletest-build/googletest/CMakeFiles/gtest_main.dir/src/gtest_main.cc.o
[ 52%] Linking CXX static library ../../../lib/libgtest_main.a
make[2]: выход из каталога «/home/zaynutdin/CLionProjects/tp_cpp_hw1/build»
[ 52%] Built target gtest_main
make[2]: вход в каталог «/home/zaynutdin/CLionProjects/tp_cpp_hw1/build»
Scanning dependencies of target my_first_test
make[2]: выход из каталога «/home/zaynutdin/CLionProjects/tp_cpp_hw1/build»
make[2]: вход в каталог «/home/zaynutdin/CLionProjects/tp_cpp_hw1/build»
[ 58%] Building CXX object tests/CMakeFiles/my_first_test.dir/tests.cpp.o
[ 64%] Building C object tests/CMakeFiles/my_first_test.dir/__/src/utils.c.o
[ 70%] Building C object tests/CMakeFiles/my_first_test.dir/__/src/food.c.o
[ 76%] Linking CXX executable my_first_test
make[2]: выход из каталога «/home/zaynutdin/CLionProjects/tp_cpp_hw1/build»
[ 76%] Built target my_first_test
make[2]: вход в каталог «/home/zaynutdin/CLionProjects/tp_cpp_hw1/build»
Scanning dependencies of target gmock
make[2]: выход из каталога «/home/zaynutdin/CLionProjects/tp_cpp_hw1/build»
make[2]: вход в каталог «/home/zaynutdin/CLionProjects/tp_cpp_hw1/build»
[ 82%] Building CXX object _deps/googletest-build/googlemock/CMakeFiles/gmock.dir/src/gmock-all.cc.o
[ 88%] Linking CXX static library ../../../lib/libgmock.a
make[2]: выход из каталога «/home/zaynutdin/CLionProjects/tp_cpp_hw1/build»
[ 88%] Built target gmock
make[2]: вход в каталог «/home/zaynutdin/CLionProjects/tp_cpp_hw1/build»
Scanning dependencies of target gmock_main
make[2]: выход из каталога «/home/zaynutdin/CLionProjects/tp_cpp_hw1/build»
make[2]: вход в каталог «/home/zaynutdin/CLionProjects/tp_cpp_hw1/build»
[ 94%] Building CXX object _deps/googletest-build/googlemock/CMakeFiles/gmock_main.dir/src/gmock_main.cc.o
[100%] Linking CXX static library ../../../lib/libgmock_main.a
make[2]: выход из каталога «/home/zaynutdin/CLionProjects/tp_cpp_hw1/build»
[100%] Built target gmock_main
make[1]: выход из каталога «/home/zaynutdin/CLionProjects/tp_cpp_hw1/build»
make: выход из каталога «/home/zaynutdin/CLionProjects/tp_cpp_hw1/build»
-- The C compiler identification is GNU 9.4.0
-- The CXX compiler identification is GNU 9.4.0
-- Check for working C compiler: /usr/bin/cc
-- Check for working C compiler: /usr/bin/cc -- works
-- Detecting C compiler ABI info
-- Detecting C compiler ABI info - done
-- Detecting C compile features
-- Detecting C compile features - done
-- Check for working CXX compiler: /usr/bin/c++
-- Check for working CXX compiler: /usr/bin/c++ -- works
-- Detecting CXX compiler ABI info
-- Detecting CXX compiler ABI info - done
-- Detecting CXX compile features
-- Detecting CXX compile features - done
-- Found GTest: /usr/lib/x86_64-linux-gnu/libgtest.a  
-- Found Python: /usr/bin/python3.8 (found version "3.8.10") found components: Interpreter 
-- Found Threads: TRUE  
-- Configuring done
-- Generating done
-- Build files have been written to: /home/zaynutdin/CLionProjects/tp_cpp_hw1/build
make: вход в каталог «/home/zaynutdin/CLionProjects/tp_cpp_hw1/build»
make[1]: вход в каталог «/home/zaynutdin/CLionProjects/tp_cpp_hw1/build»
make[2]: вход в каталог «/home/zaynutdin/CLionProjects/tp_cpp_hw1/build»
Scanning dependencies of target food_lib
make[2]: выход из каталога «/home/zaynutdin/CLionProjects/tp_cpp_hw1/build»
make[2]: вход в каталог «/home/zaynutdin/CLionProjects/tp_cpp_hw1/build»
[  5%] Building C object CMakeFiles/food_lib.dir/src/food.c.o
[ 11%] Building C object CMakeFiles/food_lib.dir/src/utils.c.o
[ 17%] Linking C static library libfood_lib.a
make[2]: выход из каталога «/home/zaynutdin/CLionProjects/tp_cpp_hw1/build»
[ 17%] Built target food_lib
make[2]: вход в каталог «/home/zaynutdin/CLionProjects/tp_cpp_hw1/build»
Scanning dependencies of target HW1
make[2]: выход из каталога «/home/zaynutdin/CLionProjects/tp_cpp_hw1/build»
make[2]: вход в каталог «/home/zaynutdin/CLionProjects/tp_cpp_hw1/build»
[ 23%] Building C object CMakeFiles/HW1.dir/main.c.o
[ 29%] Linking C executable HW1
make[2]: выход из каталога «/home/zaynutdin/CLionProjects/tp_cpp_hw1/build»
[ 29%] Built target HW1
make[2]: вход в каталог «/home/zaynutdin/CLionProjects/tp_cpp_hw1/build»
Scanning dependencies of target gtest
make[2]: выход из каталога «/home/zaynutdin/CLionProjects/tp_cpp_hw1/build»
make[2]: вход в каталог «/home/zaynutdin/CLionProjects/tp_cpp_hw1/build»
[ 35%] Building CXX object _deps/googletest-build/googletest/CMakeFiles/gtest.dir/src/gtest-all.cc.o
[ 41%] Linking CXX static library ../../../lib/libgtest.a
make[2]: выход из каталога «/home/zaynutdin/CLionProjects/tp_cpp_hw1/build»
[ 41%] Built target gtest
make[2]: вход в каталог «/home/zaynutdin/CLionProjects/tp_cpp_hw1/build»
Scanning dependencies of target gtest_main
make[2]: выход из каталога «/home/zaynutdin/CLionProjects/tp_cpp_hw1/build»
make[2]: вход в каталог «/home/zaynutdin/CLionProjects/tp_cpp_hw1/build»
[ 47%] Building CXX object _deps/googletest-build/googletest/CMakeFiles/gtest_main.dir/src/gtest_main.cc.o
[ 52%] Linking CXX static library ../../../lib/libgtest_main.a
make[2]: выход из каталога «/home/zaynutdin/CLionProjects/tp_cpp_hw1/build»
[ 52%] Built target gtest_main
make[2]: вход в каталог «/home/zaynutdin/CLionProjects/tp_cpp_hw1/build»
Scanning dependencies of target my_first_test
make[2]: выход из каталога «/home/zaynutdin/CLionProjects/tp_cpp_hw1/build»
make[2]: вход в каталог «/home/zaynutdin/CLionProjects/tp_cpp_hw1/build»
[ 58%] Building CXX object tests/CMakeFiles/my_first_test.dir/tests.cpp.o
[ 64%] Building C object tests/CMakeFiles/my_first_test.dir/__/src/utils.c.o
[ 70%] Building C object tests/CMakeFiles/my_first_test.dir/__/src/food.c.o
[ 76%] Linking CXX executable my_first_test
make[2]: выход из каталога «/home/zaynutdin/CLionProjects/tp_cpp_hw1/build»
[ 76%] Built target my_first_test
make[2]: вход в каталог «/home/zaynutdin/CLionProjects/tp_cpp_hw1/build»
Scanning dependencies of target gmock
make[2]: выход из каталога «/home/zaynutdin/CLionProjects/tp_cpp_hw1/build»
make[2]: вход в каталог «/home/zaynutdin/CLionProjects/tp_cpp_hw1/build»
[ 82%] Building CXX object _deps/googletest-build/googlemock/CMakeFiles/gmock.dir/src/gmock-all.cc.o
[ 88%] Linking CXX static library ../../../lib/libgmock.a
make[2]: выход из каталога «/home/zaynutdin/CLionProjects/tp_cpp_hw1/build»
[ 88%] Built target gmock
make[2]: вход в каталог «/home/zaynutdin/CLionProjects/tp_cpp_hw1/build»
Scanning dependencies of target gmock_main
make[2]: выход из каталога «/home/zaynutdin/CLionProjects/tp_cpp_hw1/build»
make[2]: вход в каталог «/home/zaynutdin/CLionProjects/tp_cpp_hw1/build»
[ 94%] Building CXX object _deps/googletest-build/googlemock/CMakeFiles/gmock_main.dir/src/gmock_main.cc.o
[100%] Linking CXX static library ../../../lib/libgmock_main.a
make[2]: выход из каталога «/home/zaynutdin/CLionProjects/tp_cpp_hw1/build»
[100%] Built target gmock_main
make[1]: выход из каталога «/home/zaynutdin/CLionProjects/tp_cpp_hw1/build»
make: выход из каталога «/home/zaynutdin/CLionProjects/tp_cpp_hw1/build»
-- The C compiler identification is GNU 9.4.0
-- The CXX compiler identification is GNU 9.4.0
-- Check for working C compiler: /usr/bin/cc
-- Check for working C compiler: /usr/bin/cc -- works
-- Detecting C compiler ABI info
-- Detecting C compiler ABI info - done
-- Detecting C compile features
-- Detecting C compile features - done
-- Check for working CXX compiler: /usr/bin/c++
-- Check for working CXX compiler: /usr/bin/c++ -- works
-- Detecting CXX compiler ABI info
-- Detecting CXX compiler ABI info - done
-- Detecting CXX compile features
-- Detecting CXX compile features - done
-- Found GTest: /usr/lib/x86_64-linux-gnu/libgtest.a  
-- Found Python: /usr/bin/python3.8 (found version "3.8.10") found components: Interpreter 
-- Found Threads: TRUE  
-- Configuring done
-- Generating done
-- Build files have been written to: /home/zaynutdin/CLionProjects/tp_cpp_hw1/build
make: вход в каталог «/home/zaynutdin/CLionProjects/tp_cpp_hw1/build»
make[1]: вход в каталог «/home/zaynutdin/CLionProjects/tp_cpp_hw1/build»
make[2]: вход в каталог «/home/zaynutdin/CLionProjects/tp_cpp_hw1/build»
Scanning dependencies of target food_lib
make[2]: выход из каталога «/home/zaynutdin/CLionProjects/tp_cpp_hw1/build»
make[2]: вход в каталог «/home/zaynutdin/CLionProjects/tp_cpp_hw1/build»
[  5%] Building C object CMakeFiles/food_lib.dir/src/food.c.o
[ 11%] Building C object CMakeFiles/food_lib.dir/src/utils.c.o
[ 17%] Linking C static library libfood_lib.a
make[2]: выход из каталога «/home/zaynutdin/CLionProjects/tp_cpp_hw1/build»
[ 17%] Built target food_lib
make[2]: вход в каталог «/home/zaynutdin/CLionProjects/tp_cpp_hw1/build»
Scanning dependencies of target HW1
make[2]: выход из каталога «/home/zaynutdin/CLionProjects/tp_cpp_hw1/build»
make[2]: вход в каталог «/home/zaynutdin/CLionProjects/tp_cpp_hw1/build»
[ 23%] Building C object CMakeFiles/HW1.dir/main.c.o
[ 29%] Linking C executable HW1
make[2]: выход из каталога «/home/zaynutdin/CLionProjects/tp_cpp_hw1/build»
[ 29%] Built target HW1
make[2]: вход в каталог «/home/zaynutdin/CLionProjects/tp_cpp_hw1/build»
Scanning dependencies of target gtest
make[2]: выход из каталога «/home/zaynutdin/CLionProjects/tp_cpp_hw1/build»
make[2]: вход в каталог «/home/zaynutdin/CLionProjects/tp_cpp_hw1/build»
[ 35%] Building CXX object _deps/googletest-build/googletest/CMakeFiles/gtest.dir/src/gtest-all.cc.o
[ 41%] Linking CXX static library ../../../lib/libgtest.a
make[2]: выход из каталога «/home/zaynutdin/CLionProjects/tp_cpp_hw1/build»
[ 41%] Built target gtest
make[2]: вход в каталог «/home/zaynutdin/CLionProjects/tp_cpp_hw1/build»
Scanning dependencies of target gtest_main
make[2]: выход из каталога «/home/zaynutdin/CLionProjects/tp_cpp_hw1/build»
make[2]: вход в каталог «/home/zaynutdin/CLionProjects/tp_cpp_hw1/build»
[ 47%] Building CXX object _deps/googletest-build/googletest/CMakeFiles/gtest_main.dir/src/gtest_main.cc.o
[ 52%] Linking CXX static library ../../../lib/libgtest_main.a
make[2]: выход из каталога «/home/zaynutdin/CLionProjects/tp_cpp_hw1/build»
[ 52%] Built target gtest_main
make[2]: вход в каталог «/home/zaynutdin/CLionProjects/tp_cpp_hw1/build»
Scanning dependencies of target my_first_test
make[2]: выход из каталога «/home/zaynutdin/CLionProjects/tp_cpp_hw1/build»
make[2]: вход в каталог «/home/zaynutdin/CLionProjects/tp_cpp_hw1/build»
[ 58%] Building CXX object tests/CMakeFiles/my_first_test.dir/tests.cpp.o
[ 64%] Building C object tests/CMakeFiles/my_first_test.dir/__/src/utils.c.o
[ 70%] Building C object tests/CMakeFiles/my_first_test.dir/__/src/food.c.o
[ 76%] Linking CXX executable my_first_test
make[2]: выход из каталога «/home/zaynutdin/CLionProjects/tp_cpp_hw1/build»
[ 76%] Built target my_first_test
make[2]: вход в каталог «/home/zaynutdin/CLionProjects/tp_cpp_hw1/build»
Scanning dependencies of target gmock
make[2]: выход из каталога «/home/zaynutdin/CLionProjects/tp_cpp_hw1/build»
make[2]: вход в каталог «/home/zaynutdin/CLionProjects/tp_cpp_hw1/build»
[ 82%] Building CXX object _deps/googletest-build/googlemock/CMakeFiles/gmock.dir/src/gmock-all.cc.o
[ 88%] Linking CXX static library ../../../lib/libgmock.a
make[2]: выход из каталога «/home/zaynutdin/CLionProjects/tp_cpp_hw1/build»
[ 88%] Built target gmock
make[2]: вход в каталог «/home/zaynutdin/CLionProjects/tp_cpp_hw1/build»
Scanning dependencies of target gmock_main
make[2]: выход из каталога «/home/zaynutdin/CLionProjects/tp_cpp_hw1/build»
make[2]: вход в каталог «/home/zaynutdin/CLionProjects/tp_cpp_hw1/build»
[ 94%] Building CXX object _deps/googletest-build/googlemock/CMakeFiles/gmock_main.dir/src/gmock_main.cc.o
[100%] Linking CXX static library ../../../lib/libgmock_main.a
make[2]: выход из каталога «/home/zaynutdin/CLionProjects/tp_cpp_hw1/build»
[100%] Built target gmock_main
make[1]: выход из каталога «/home/zaynutdin/CLionProjects/tp_cpp_hw1/build»
make: выход из каталога «/home/zaynutdin/CLionProjects/tp_cpp_hw1/build»
-- The C compiler identification is GNU 9.4.0
-- The CXX compiler identification is GNU 9.4.0
-- Check for working C compiler: /usr/bin/cc
-- Check for working C compiler: /usr/bin/cc -- works
-- Detecting C compiler ABI info
-- Detecting C compiler ABI info - done
-- Detecting C compile features
-- Detecting C compile features - done
-- Check for working CXX compiler: /usr/bin/c++
-- Check for working CXX compiler: /usr/bin/c++ -- works
-- Detecting CXX compiler ABI info
-- Detecting CXX compiler ABI info - done
-- Detecting CXX compile features
-- Detecting CXX compile features - done
-- Found GTest: /usr/lib/x86_64-linux-gnu/libgtest.a  
-- Found Python: /usr/bin/python3.8 (found version "3.8.10") found components: Interpreter 
-- Found Threads: TRUE  
-- Configuring done
-- Generating done
-- Build files have been written to: /home/zaynutdin/CLionProjects/tp_cpp_hw1/build
make: вход в каталог «/home/zaynutdin/CLionProjects/tp_cpp_hw1/build»
make[1]: вход в каталог «/home/zaynutdin/CLionProjects/tp_cpp_hw1/build»
make[2]: вход в каталог «/home/zaynutdin/CLionProjects/tp_cpp_hw1/build»
Scanning dependencies of target food_lib
make[2]: выход из каталога «/home/zaynutdin/CLionProjects/tp_cpp_hw1/build»
make[2]: вход в каталог «/home/zaynutdin/CLionProjects/tp_cpp_hw1/build»
[  5%] Building C object CMakeFiles/food_lib.dir/src/food.c.o
[ 11%] Building C object CMakeFiles/food_lib.dir/src/utils.c.o
[ 17%] Linking C static library libfood_lib.a
make[2]: выход из каталога «/home/zaynutdin/CLionProjects/tp_cpp_hw1/build»
[ 17%] Built target food_lib
make[2]: вход в каталог «/home/zaynutdin/CLionProjects/tp_cpp_hw1/build»
Scanning dependencies of target HW1
make[2]: выход из каталога «/home/zaynutdin/CLionProjects/tp_cpp_hw1/build»
make[2]: вход в каталог «/home/zaynutdin/CLionProjects/tp_cpp_hw1/build»
[ 23%] Building C object CMakeFiles/HW1.dir/main.c.o
[ 29%] Linking C executable HW1
make[2]: выход из каталога «/home/zaynutdin/CLionProjects/tp_cpp_hw1/build»
[ 29%] Built target HW1
make[2]: вход в каталог «/home/zaynutdin/CLionProjects/tp_cpp_hw1/build»
Scanning dependencies of target gtest
make[2]: выход из каталога «/home/zaynutdin/CLionProjects/tp_cpp_hw1/build»
make[2]: вход в каталог «/home/zaynutdin/CLionProjects/tp_cpp_hw1/build»
[ 35%] Building CXX object _deps/googletest-build/googletest/CMakeFiles/gtest.dir/src/gtest-all.cc.o
[ 41%] Linking CXX static library ../../../lib/libgtest.a
make[2]: выход из каталога «/home/zaynutdin/CLionProjects/tp_cpp_hw1/build»
[ 41%] Built target gtest
make[2]: вход в каталог «/home/zaynutdin/CLionProjects/tp_cpp_hw1/build»
Scanning dependencies of target gtest_main
make[2]: выход из каталога «/home/zaynutdin/CLionProjects/tp_cpp_hw1/build»
make[2]: вход в каталог «/home/zaynutdin/CLionProjects/tp_cpp_hw1/build»
[ 47%] Building CXX object _deps/googletest-build/googletest/CMakeFiles/gtest_main.dir/src/gtest_main.cc.o
[ 52%] Linking CXX static library ../../../lib/libgtest_main.a
make[2]: выход из каталога «/home/zaynutdin/CLionProjects/tp_cpp_hw1/build»
[ 52%] Built target gtest_main
make[2]: вход в каталог «/home/zaynutdin/CLionProjects/tp_cpp_hw1/build»
Scanning dependencies of target my_first_test
make[2]: выход из каталога «/home/zaynutdin/CLionProjects/tp_cpp_hw1/build»
make[2]: вход в каталог «/home/zaynutdin/CLionProjects/tp_cpp_hw1/build»
[ 58%] Building CXX object tests/CMakeFiles/my_first_test.dir/tests.cpp.o
[ 64%] Building C object tests/CMakeFiles/my_first_test.dir/__/src/utils.c.o
[ 70%] Building C object tests/CMakeFiles/my_first_test.dir/__/src/food.c.o
[ 76%] Linking CXX executable my_first_test
make[2]: выход из каталога «/home/zaynutdin/CLionProjects/tp_cpp_hw1/build»
[ 76%] Built target my_first_test
make[2]: вход в каталог «/home/zaynutdin/CLionProjects/tp_cpp_hw1/build»
Scanning dependencies of target gmock
make[2]: выход из каталога «/home/zaynutdin/CLionProjects/tp_cpp_hw1/build»
make[2]: вход в каталог «/home/zaynutdin/CLionProjects/tp_cpp_hw1/build»
[ 82%] Building CXX object _deps/googletest-build/googlemock/CMakeFiles/gmock.dir/src/gmock-all.cc.o
[ 88%] Linking CXX static library ../../../lib/libgmock.a
make[2]: выход из каталога «/home/zaynutdin/CLionProjects/tp_cpp_hw1/build»
[ 88%] Built target gmock
make[2]: вход в каталог «/home/zaynutdin/CLionProjects/tp_cpp_hw1/build»
Scanning dependencies of target gmock_main
make[2]: выход из каталога «/home/zaynutdin/CLionProjects/tp_cpp_hw1/build»
make[2]: вход в каталог «/home/zaynutdin/CLionProjects/tp_cpp_hw1/build»
[ 94%] Building CXX object _deps/googletest-build/googlemock/CMakeFiles/gmock_main.dir/src/gmock_main.cc.o
[100%] Linking CXX static library ../../../lib/libgmock_main.a
make[2]: выход из каталога «/home/zaynutdin/CLionProjects/tp_cpp_hw1/build»
[100%] Built target gmock_main
make[1]: выход из каталога «/home/zaynutdin/CLionProjects/tp_cpp_hw1/build»
make: выход из каталога «/home/zaynutdin/CLionProjects/tp_cpp_hw1/build»
-- The C compiler identification is GNU 9.4.0
-- The CXX compiler identification is GNU 9.4.0
-- Check for working C compiler: /usr/bin/cc
-- Check for working C compiler: /usr/bin/cc -- works
-- Detecting C compiler ABI info
-- Detecting C compiler ABI info - done
-- Detecting C compile features
-- Detecting C compile features - done
-- Check for working CXX compiler: /usr/bin/c++
-- Check for working CXX compiler: /usr/bin/c++ -- works
-- Detecting CXX compiler ABI info
-- Detecting CXX compiler ABI info - done
-- Detecting CXX compile features
-- Detecting CXX compile features - done
-- Found GTest: /usr/lib/x86_64-linux-gnu/libgtest.a  
-- Found Python: /usr/bin/python3.8 (found version "3.8.10") found components: Interpreter 
-- Found Threads: TRUE  
-- Configuring done
-- Generating done
-- Build files have been written to: /home/zaynutdin/CLionProjects/tp_cpp_hw1/build
make: вход в каталог «/home/zaynutdin/CLionProjects/tp_cpp_hw1/build»
make[1]: вход в каталог «/home/zaynutdin/CLionProjects/tp_cpp_hw1/build»
make[2]: вход в каталог «/home/zaynutdin/CLionProjects/tp_cpp_hw1/build»
Scanning dependencies of target food_lib
make[2]: выход из каталога «/home/zaynutdin/CLionProjects/tp_cpp_hw1/build»
make[2]: вход в каталог «/home/zaynutdin/CLionProjects/tp_cpp_hw1/build»
[  5%] Building C object CMakeFiles/food_lib.dir/src/food.c.o
[ 11%] Building C object CMakeFiles/food_lib.dir/src/utils.c.o
[ 17%] Linking C static library libfood_lib.a
make[2]: выход из каталога «/home/zaynutdin/CLionProjects/tp_cpp_hw1/build»
[ 17%] Built target food_lib
make[2]: вход в каталог «/home/zaynutdin/CLionProjects/tp_cpp_hw1/build»
Scanning dependencies of target HW1
make[2]: выход из каталога «/home/zaynutdin/CLionProjects/tp_cpp_hw1/build»
make[2]: вход в каталог «/home/zaynutdin/CLionProjects/tp_cpp_hw1/build»
[ 23%] Building C object CMakeFiles/HW1.dir/main.c.o
[ 29%] Linking C executable HW1
make[2]: выход из каталога «/home/zaynutdin/CLionProjects/tp_cpp_hw1/build»
[ 29%] Built target HW1
make[2]: вход в каталог «/home/zaynutdin/CLionProjects/tp_cpp_hw1/build»
Scanning dependencies of target gtest
make[2]: выход из каталога «/home/zaynutdin/CLionProjects/tp_cpp_hw1/build»
make[2]: вход в каталог «/home/zaynutdin/CLionProjects/tp_cpp_hw1/build»
[ 35%] Building CXX object _deps/googletest-build/googletest/CMakeFiles/gtest.dir/src/gtest-all.cc.o
[ 41%] Linking CXX static library ../../../lib/libgtest.a
make[2]: выход из каталога «/home/zaynutdin/CLionProjects/tp_cpp_hw1/build»
[ 41%] Built target gtest
make[2]: вход в каталог «/home/zaynutdin/CLionProjects/tp_cpp_hw1/build»
Scanning dependencies of target gtest_main
make[2]: выход из каталога «/home/zaynutdin/CLionProjects/tp_cpp_hw1/build»
make[2]: вход в каталог «/home/zaynutdin/CLionProjects/tp_cpp_hw1/build»
[ 47%] Building CXX object _deps/googletest-build/googletest/CMakeFiles/gtest_main.dir/src/gtest_main.cc.o
[ 52%] Linking CXX static library ../../../lib/libgtest_main.a
make[2]: выход из каталога «/home/zaynutdin/CLionProjects/tp_cpp_hw1/build»
[ 52%] Built target gtest_main
make[2]: вход в каталог «/home/zaynutdin/CLionProjects/tp_cpp_hw1/build»
Scanning dependencies of target my_first_test
make[2]: выход из каталога «/home/zaynutdin/CLionProjects/tp_cpp_hw1/build»
make[2]: вход в каталог «/home/zaynutdin/CLionProjects/tp_cpp_hw1/build»
[ 58%] Building CXX object tests/CMakeFiles/my_first_test.dir/tests.cpp.o
[ 64%] Building C object tests/CMakeFiles/my_first_test.dir/__/src/utils.c.o
[ 70%] Building C object tests/CMakeFiles/my_first_test.dir/__/src/food.c.o
[ 76%] Linking CXX executable my_first_test
make[2]: выход из каталога «/home/zaynutdin/CLionProjects/tp_cpp_hw1/build»
[ 76%] Built target my_first_test
make[2]: вход в каталог «/home/zaynutdin/CLionProjects/tp_cpp_hw1/build»
Scanning dependencies of target gmock
make[2]: выход из каталога «/home/zaynutdin/CLionProjects/tp_cpp_hw1/build»
make[2]: вход в каталог «/home/zaynutdin/CLionProjects/tp_cpp_hw1/build»
[ 82%] Building CXX object _deps/googletest-build/googlemock/CMakeFiles/gmock.dir/src/gmock-all.cc.o
[ 88%] Linking CXX static library ../../../lib/libgmock.a
make[2]: выход из каталога «/home/zaynutdin/CLionProjects/tp_cpp_hw1/build»
[ 88%] Built target gmock
make[2]: вход в каталог «/home/zaynutdin/CLionProjects/tp_cpp_hw1/build»
Scanning dependencies of target gmock_main
make[2]: выход из каталога «/home/zaynutdin/CLionProjects/tp_cpp_hw1/build»
make[2]: вход в каталог «/home/zaynutdin/CLionProjects/tp_cpp_hw1/build»
[ 94%] Building CXX object _deps/googletest-build/googlemock/CMakeFiles/gmock_main.dir/src/gmock_main.cc.o
[100%] Linking CXX static library ../../../lib/libgmock_main.a
make[2]: выход из каталога «/home/zaynutdin/CLionProjects/tp_cpp_hw1/build»
[100%] Built target gmock_main
make[1]: выход из каталога «/home/zaynutdin/CLionProjects/tp_cpp_hw1/build»
make: выход из каталога «/home/zaynutdin/CLionProjects/tp_cpp_hw1/build»
-- The C compiler identification is GNU 9.4.0
-- The CXX compiler identification is GNU 9.4.0
-- Check for working C compiler: /usr/bin/cc
-- Check for working C compiler: /usr/bin/cc -- works
-- Detecting C compiler ABI info
-- Detecting C compiler ABI info - done
-- Detecting C compile features
-- Detecting C compile features - done
-- Check for working CXX compiler: /usr/bin/c++
-- Check for working CXX compiler: /usr/bin/c++ -- works
-- Detecting CXX compiler ABI info
-- Detecting CXX compiler ABI info - done
-- Detecting CXX compile features
-- Detecting CXX compile features - done
-- Found GTest: /usr/lib/x86_64-linux-gnu/libgtest.a  
-- The C compiler identification is GNU 9.4.0
-- The CXX compiler identification is GNU 9.4.0
-- Check for working C compiler: /usr/bin/cc
-- Check for working C compiler: /usr/bin/cc -- works
-- Detecting C compiler ABI info
-- Detecting C compiler ABI info - done
-- Detecting C compile features
-- Detecting C compile features - done
-- Check for working CXX compiler: /usr/bin/c++
-- Check for working CXX compiler: /usr/bin/c++ -- works
-- Detecting CXX compiler ABI info
-- Detecting CXX compiler ABI info - done
-- Detecting CXX compile features
-- Detecting CXX compile features - done
-- Found GTest: /usr/lib/x86_64-linux-gnu/libgtest.a  
-- The C compiler identification is GNU 9.4.0
-- The CXX compiler identification is GNU 9.4.0
-- Check for working C compiler: /usr/bin/cc
-- Check for working C compiler: /usr/bin/cc -- works
-- Detecting C compiler ABI info
-- Detecting C compiler ABI info - done
-- Detecting C compile features
-- Detecting C compile features - done
-- Check for working CXX compiler: /usr/bin/c++
-- Check for working CXX compiler: /usr/bin/c++ -- works
-- Detecting CXX compiler ABI info
-- Detecting CXX compiler ABI info - done
-- Detecting CXX compile features
-- Detecting CXX compile features - done
-- Found GTest: /usr/lib/x86_64-linux-gnu/libgtest.a  
-- Found Python: /usr/bin/python3.8 (found version "3.8.10") found components: Interpreter 
-- Found Threads: TRUE  
-- Configuring done
-- Generating done
-- Build files have been written to: /home/zaynutdin/CLionProjects/tp_cpp_hw1/build
make: вход в каталог «/home/zaynutdin/CLionProjects/tp_cpp_hw1/build»
make[1]: вход в каталог «/home/zaynutdin/CLionProjects/tp_cpp_hw1/build»
make[2]: вход в каталог «/home/zaynutdin/CLionProjects/tp_cpp_hw1/build»
Scanning dependencies of target food_lib
make[2]: выход из каталога «/home/zaynutdin/CLionProjects/tp_cpp_hw1/build»
make[2]: вход в каталог «/home/zaynutdin/CLionProjects/tp_cpp_hw1/build»
[  5%] Building C object CMakeFiles/food_lib.dir/src/food.c.o
[ 11%] Building C object CMakeFiles/food_lib.dir/src/utils.c.o
[ 17%] Linking C static library libfood_lib.a
make[2]: выход из каталога «/home/zaynutdin/CLionProjects/tp_cpp_hw1/build»
[ 17%] Built target food_lib
make[2]: вход в каталог «/home/zaynutdin/CLionProjects/tp_cpp_hw1/build»
Scanning dependencies of target HW1
make[2]: выход из каталога «/home/zaynutdin/CLionProjects/tp_cpp_hw1/build»
make[2]: вход в каталог «/home/zaynutdin/CLionProjects/tp_cpp_hw1/build»
[ 23%] Building C object CMakeFiles/HW1.dir/main.c.o
[ 29%] Linking C executable HW1
make[2]: выход из каталога «/home/zaynutdin/CLionProjects/tp_cpp_hw1/build»
[ 29%] Built target HW1
make[2]: вход в каталог «/home/zaynutdin/CLionProjects/tp_cpp_hw1/build»
Scanning dependencies of target gtest
make[2]: выход из каталога «/home/zaynutdin/CLionProjects/tp_cpp_hw1/build»
make[2]: вход в каталог «/home/zaynutdin/CLionProjects/tp_cpp_hw1/build»
[ 35%] Building CXX object _deps/googletest-build/googletest/CMakeFiles/gtest.dir/src/gtest-all.cc.o
[ 41%] Linking CXX static library ../../../lib/libgtest.a
make[2]: выход из каталога «/home/zaynutdin/CLionProjects/tp_cpp_hw1/build»
[ 41%] Built target gtest
make[2]: вход в каталог «/home/zaynutdin/CLionProjects/tp_cpp_hw1/build»
Scanning dependencies of target gtest_main
make[2]: выход из каталога «/home/zaynutdin/CLionProjects/tp_cpp_hw1/build»
make[2]: вход в каталог «/home/zaynutdin/CLionProjects/tp_cpp_hw1/build»
[ 47%] Building CXX object _deps/googletest-build/googletest/CMakeFiles/gtest_main.dir/src/gtest_main.cc.o
[ 52%] Linking CXX static library ../../../lib/libgtest_main.a
make[2]: выход из каталога «/home/zaynutdin/CLionProjects/tp_cpp_hw1/build»
[ 52%] Built target gtest_main
make[2]: вход в каталог «/home/zaynutdin/CLionProjects/tp_cpp_hw1/build»
Scanning dependencies of target my_first_test
make[2]: выход из каталога «/home/zaynutdin/CLionProjects/tp_cpp_hw1/build»
make[2]: вход в каталог «/home/zaynutdin/CLionProjects/tp_cpp_hw1/build»
[ 58%] Building CXX object tests/CMakeFiles/my_first_test.dir/tests.cpp.o
[ 64%] Building C object tests/CMakeFiles/my_first_test.dir/__/src/utils.c.o
[ 70%] Building C object tests/CMakeFiles/my_first_test.dir/__/src/food.c.o
[ 76%] Linking CXX executable my_first_test
make[2]: выход из каталога «/home/zaynutdin/CLionProjects/tp_cpp_hw1/build»
[ 76%] Built target my_first_test
make[2]: вход в каталог «/home/zaynutdin/CLionProjects/tp_cpp_hw1/build»
Scanning dependencies of target gmock
make[2]: выход из каталога «/home/zaynutdin/CLionProjects/tp_cpp_hw1/build»
make[2]: вход в каталог «/home/zaynutdin/CLionProjects/tp_cpp_hw1/build»
[ 82%] Building CXX object _deps/googletest-build/googlemock/CMakeFiles/gmock.dir/src/gmock-all.cc.o
-- The C compiler identification is GNU 9.4.0
-- The CXX compiler identification is GNU 9.4.0
-- Check for working C compiler: /usr/bin/cc
-- Check for working C compiler: /usr/bin/cc -- works
-- Detecting C compiler ABI info
-- Detecting C compiler ABI info - done
-- Detecting C compile features
-- Detecting C compile features - done
-- Check for working CXX compiler: /usr/bin/c++
-- Check for working CXX compiler: /usr/bin/c++ -- works
-- Detecting CXX compiler ABI info
-- Detecting CXX compiler ABI info - done
-- Detecting CXX compile features
-- Detecting CXX compile features - done
-- Found GTest: /usr/lib/x86_64-linux-gnu/libgtest.a  
-- The C compiler identification is GNU 9.4.0
-- The CXX compiler identification is GNU 9.4.0
-- Check for working C compiler: /usr/bin/cc
-- Check for working C compiler: /usr/bin/cc -- works
-- Detecting C compiler ABI info
-- Detecting C compiler ABI info - done
-- Detecting C compile features
-- Detecting C compile features - done
-- Check for working CXX compiler: /usr/bin/c++
-- Check for working CXX compiler: /usr/bin/c++ -- works
-- Detecting CXX compiler ABI info
-- Detecting CXX compiler ABI info - done
-- Detecting CXX compile features
-- Detecting CXX compile features - done
-- Found GTest: /usr/lib/x86_64-linux-gnu/libgtest.a  
-- Configuring incomplete, errors occurred!
See also "/home/zaynutdin/CLionProjects/tp_cpp_hw1/build/CMakeFiles/CMakeOutput.log".
See also "/home/zaynutdin/CLionProjects/tp_cpp_hw1/build/CMakeFiles/CMakeError.log".
make: вход в каталог «/home/zaynutdin/CLionProjects/tp_cpp_hw1/build»
make: выход из каталога «/home/zaynutdin/CLionProjects/tp_cpp_hw1/build»
-- The C compiler identification is GNU 9.4.0
-- The CXX compiler identification is GNU 9.4.0
-- Check for working C compiler: /usr/bin/cc
-- Check for working C compiler: /usr/bin/cc -- works
-- Detecting C compiler ABI info
-- Detecting C compiler ABI info - done
-- Detecting C compile features
-- Detecting C compile features - done
-- Check for working CXX compiler: /usr/bin/c++
-- Check for working CXX compiler: /usr/bin/c++ -- works
-- Detecting CXX compiler ABI info
-- Detecting CXX compiler ABI info - done
-- Detecting CXX compile features
-- Detecting CXX compile features - done
-- Found GTest: /usr/lib/x86_64-linux-gnu/libgtest.a  
-- The C compiler identification is GNU 9.4.0
-- The CXX compiler identification is GNU 9.4.0
-- Check for working C compiler: /usr/bin/cc
-- Check for working C compiler: /usr/bin/cc -- works
-- Detecting C compiler ABI info
-- Detecting C compiler ABI info - done
-- Detecting C compile features
-- Detecting C compile features - done
-- Check for working CXX compiler: /usr/bin/c++
-- Check for working CXX compiler: /usr/bin/c++ -- works
-- Detecting CXX compiler ABI info
-- Detecting CXX compiler ABI info - done
-- Detecting CXX compile features
-- Detecting CXX compile features - done
-- Found GTest: /usr/lib/x86_64-linux-gnu/libgtest.a  
-- Found Python: /usr/bin/python3.8 (found version "3.8.10") found components: Interpreter 
-- Found Threads: TRUE  
-- Configuring done
-- Generating done
-- Build files have been written to: /home/zaynutdin/CLionProjects/tp_cpp_hw1/build
make: вход в каталог «/home/zaynutdin/CLionProjects/tp_cpp_hw1/build»
make[1]: вход в каталог «/home/zaynutdin/CLionProjects/tp_cpp_hw1/build»
make[2]: вход в каталог «/home/zaynutdin/CLionProjects/tp_cpp_hw1/build»
Scanning dependencies of target food_lib
make[2]: выход из каталога «/home/zaynutdin/CLionProjects/tp_cpp_hw1/build»
make[2]: вход в каталог «/home/zaynutdin/CLionProjects/tp_cpp_hw1/build»
[  5%] Building C object CMakeFiles/food_lib.dir/src/food.c.o
[ 11%] Building C object CMakeFiles/food_lib.dir/src/utils.c.o
[ 17%] Linking C static library libfood_lib.a
make[2]: выход из каталога «/home/zaynutdin/CLionProjects/tp_cpp_hw1/build»
[ 17%] Built target food_lib
make[2]: вход в каталог «/home/zaynutdin/CLionProjects/tp_cpp_hw1/build»
Scanning dependencies of target HW1
make[2]: выход из каталога «/home/zaynutdin/CLionProjects/tp_cpp_hw1/build»
make[2]: вход в каталог «/home/zaynutdin/CLionProjects/tp_cpp_hw1/build»
[ 23%] Building C object CMakeFiles/HW1.dir/main.c.o
[ 29%] Linking C executable HW1
make[2]: выход из каталога «/home/zaynutdin/CLionProjects/tp_cpp_hw1/build»
[ 29%] Built target HW1
make[2]: вход в каталог «/home/zaynutdin/CLionProjects/tp_cpp_hw1/build»
Scanning dependencies of target gtest
make[2]: выход из каталога «/home/zaynutdin/CLionProjects/tp_cpp_hw1/build»
make[2]: вход в каталог «/home/zaynutdin/CLionProjects/tp_cpp_hw1/build»
[ 35%] Building CXX object _deps/googletest-build/googletest/CMakeFiles/gtest.dir/src/gtest-all.cc.o
[ 41%] Linking CXX static library ../../../lib/libgtest.a
make[2]: выход из каталога «/home/zaynutdin/CLionProjects/tp_cpp_hw1/build»
[ 41%] Built target gtest
make[2]: вход в каталог «/home/zaynutdin/CLionProjects/tp_cpp_hw1/build»
Scanning dependencies of target gtest_main
make[2]: выход из каталога «/home/zaynutdin/CLionProjects/tp_cpp_hw1/build»
make[2]: вход в каталог «/home/zaynutdin/CLionProjects/tp_cpp_hw1/build»
[ 47%] Building CXX object _deps/googletest-build/googletest/CMakeFiles/gtest_main.dir/src/gtest_main.cc.o
[ 52%] Linking CXX static library ../../../lib/libgtest_main.a
make[2]: выход из каталога «/home/zaynutdin/CLionProjects/tp_cpp_hw1/build»
[ 52%] Built target gtest_main
make[2]: вход в каталог «/home/zaynutdin/CLionProjects/tp_cpp_hw1/build»
Scanning dependencies of target my_first_test
make[2]: выход из каталога «/home/zaynutdin/CLionProjects/tp_cpp_hw1/build»
make[2]: вход в каталог «/home/zaynutdin/CLionProjects/tp_cpp_hw1/build»
[ 58%] Building CXX object tests/CMakeFiles/my_first_test.dir/tests.cpp.o
[ 64%] Building C object tests/CMakeFiles/my_first_test.dir/__/src/utils.c.o
[ 70%] Building C object tests/CMakeFiles/my_first_test.dir/__/src/food.c.o
[ 76%] Linking CXX executable my_first_test
make[2]: выход из каталога «/home/zaynutdin/CLionProjects/tp_cpp_hw1/build»
[ 76%] Built target my_first_test
make[2]: вход в каталог «/home/zaynutdin/CLionProjects/tp_cpp_hw1/build»
Scanning dependencies of target gmock
make[2]: выход из каталога «/home/zaynutdin/CLionProjects/tp_cpp_hw1/build»
make[2]: вход в каталог «/home/zaynutdin/CLionProjects/tp_cpp_hw1/build»
[ 82%] Building CXX object _deps/googletest-build/googlemock/CMakeFiles/gmock.dir/src/gmock-all.cc.o
[ 88%] Linking CXX static library ../../../lib/libgmock.a
make[2]: выход из каталога «/home/zaynutdin/CLionProjects/tp_cpp_hw1/build»
[ 88%] Built target gmock
make[2]: вход в каталог «/home/zaynutdin/CLionProjects/tp_cpp_hw1/build»
Scanning dependencies of target gmock_main
make[2]: выход из каталога «/home/zaynutdin/CLionProjects/tp_cpp_hw1/build»
make[2]: вход в каталог «/home/zaynutdin/CLionProjects/tp_cpp_hw1/build»
[ 94%] Building CXX object _deps/googletest-build/googlemock/CMakeFiles/gmock_main.dir/src/gmock_main.cc.o
[100%] Linking CXX static library ../../../lib/libgmock_main.a
make[2]: выход из каталога «/home/zaynutdin/CLionProjects/tp_cpp_hw1/build»
[100%] Built target gmock_main
make[1]: выход из каталога «/home/zaynutdin/CLionProjects/tp_cpp_hw1/build»
make: выход из каталога «/home/zaynutdin/CLionProjects/tp_cpp_hw1/build»
-- The C compiler identification is GNU 9.4.0
-- The CXX compiler identification is GNU 9.4.0
-- Check for working C compiler: /usr/bin/cc
-- Check for working C compiler: /usr/bin/cc -- works
-- Detecting C compiler ABI info
-- Detecting C compiler ABI info - done
-- Detecting C compile features
-- Detecting C compile features - done
-- Check for working CXX compiler: /usr/bin/c++
-- Check for working CXX compiler: /usr/bin/c++ -- works
-- Detecting CXX compiler ABI info
-- Detecting CXX compiler ABI info - done
-- Detecting CXX compile features
-- Detecting CXX compile features - done
-- Found GTest: /usr/lib/x86_64-linux-gnu/libgtest.a  
-- Found Python: /usr/bin/python3.8 (found version "3.8.10") found components: Interpreter 
-- Found Threads: TRUE  
-- Configuring done
-- Generating done
-- Build files have been written to: /home/zaynutdin/CLionProjects/tp_cpp_hw1/build
make: вход в каталог «/home/zaynutdin/CLionProjects/tp_cpp_hw1/build»
make[1]: вход в каталог «/home/zaynutdin/CLionProjects/tp_cpp_hw1/build»
make[2]: вход в каталог «/home/zaynutdin/CLionProjects/tp_cpp_hw1/build»
Scanning dependencies of target food_lib
make[2]: выход из каталога «/home/zaynutdin/CLionProjects/tp_cpp_hw1/build»
make[2]: вход в каталог «/home/zaynutdin/CLionProjects/tp_cpp_hw1/build»
[  5%] Building C object CMakeFiles/food_lib.dir/src/food.c.o
[ 11%] Building C object CMakeFiles/food_lib.dir/src/utils.c.o
[ 17%] Linking C static library libfood_lib.a
make[2]: выход из каталога «/home/zaynutdin/CLionProjects/tp_cpp_hw1/build»
[ 17%] Built target food_lib
make[2]: вход в каталог «/home/zaynutdin/CLionProjects/tp_cpp_hw1/build»
Scanning dependencies of target HW1
make[2]: выход из каталога «/home/zaynutdin/CLionProjects/tp_cpp_hw1/build»
make[2]: вход в каталог «/home/zaynutdin/CLionProjects/tp_cpp_hw1/build»
[ 23%] Building C object CMakeFiles/HW1.dir/main.c.o
[ 29%] Linking C executable HW1
make[2]: выход из каталога «/home/zaynutdin/CLionProjects/tp_cpp_hw1/build»
[ 29%] Built target HW1
make[2]: вход в каталог «/home/zaynutdin/CLionProjects/tp_cpp_hw1/build»
Scanning dependencies of target gtest
make[2]: выход из каталога «/home/zaynutdin/CLionProjects/tp_cpp_hw1/build»
make[2]: вход в каталог «/home/zaynutdin/CLionProjects/tp_cpp_hw1/build»
[ 35%] Building CXX object _deps/googletest-build/googletest/CMakeFiles/gtest.dir/src/gtest-all.cc.o
[ 41%] Linking CXX static library ../../../lib/libgtest.a
make[2]: выход из каталога «/home/zaynutdin/CLionProjects/tp_cpp_hw1/build»
[ 41%] Built target gtest
make[2]: вход в каталог «/home/zaynutdin/CLionProjects/tp_cpp_hw1/build»
Scanning dependencies of target gtest_main
make[2]: выход из каталога «/home/zaynutdin/CLionProjects/tp_cpp_hw1/build»
make[2]: вход в каталог «/home/zaynutdin/CLionProjects/tp_cpp_hw1/build»
[ 47%] Building CXX object _deps/googletest-build/googletest/CMakeFiles/gtest_main.dir/src/gtest_main.cc.o
[ 52%] Linking CXX static library ../../../lib/libgtest_main.a
make[2]: выход из каталога «/home/zaynutdin/CLionProjects/tp_cpp_hw1/build»
[ 52%] Built target gtest_main
make[2]: вход в каталог «/home/zaynutdin/CLionProjects/tp_cpp_hw1/build»
Scanning dependencies of target my_first_test
make[2]: выход из каталога «/home/zaynutdin/CLionProjects/tp_cpp_hw1/build»
make[2]: вход в каталог «/home/zaynutdin/CLionProjects/tp_cpp_hw1/build»
[ 58%] Building CXX object tests/CMakeFiles/my_first_test.dir/tests.cpp.o
[ 64%] Building C object tests/CMakeFiles/my_first_test.dir/__/src/utils.c.o
[ 70%] Building C object tests/CMakeFiles/my_first_test.dir/__/src/food.c.o
[ 76%] Linking CXX executable my_first_test
make[2]: выход из каталога «/home/zaynutdin/CLionProjects/tp_cpp_hw1/build»
[ 76%] Built target my_first_test
make[2]: вход в каталог «/home/zaynutdin/CLionProjects/tp_cpp_hw1/build»
Scanning dependencies of target gmock
make[2]: выход из каталога «/home/zaynutdin/CLionProjects/tp_cpp_hw1/build»
make[2]: вход в каталог «/home/zaynutdin/CLionProjects/tp_cpp_hw1/build»
[ 82%] Building CXX object _deps/googletest-build/googlemock/CMakeFiles/gmock.dir/src/gmock-all.cc.o
[ 88%] Linking CXX static library ../../../lib/libgmock.a
make[2]: выход из каталога «/home/zaynutdin/CLionProjects/tp_cpp_hw1/build»
[ 88%] Built target gmock
make[2]: вход в каталог «/home/zaynutdin/CLionProjects/tp_cpp_hw1/build»
Scanning dependencies of target gmock_main
make[2]: выход из каталога «/home/zaynutdin/CLionProjects/tp_cpp_hw1/build»
make[2]: вход в каталог «/home/zaynutdin/CLionProjects/tp_cpp_hw1/build»
[ 94%] Building CXX object _deps/googletest-build/googlemock/CMakeFiles/gmock_main.dir/src/gmock_main.cc.o
[100%] Linking CXX static library ../../../lib/libgmock_main.a
make[2]: выход из каталога «/home/zaynutdin/CLionProjects/tp_cpp_hw1/build»
[100%] Built target gmock_main
make[1]: выход из каталога «/home/zaynutdin/CLionProjects/tp_cpp_hw1/build»
make: выход из каталога «/home/zaynutdin/CLionProjects/tp_cpp_hw1/build»
