Performing C SOURCE FILE Test CMAKE_HAVE_LIBC_PTHREAD failed with the following output:
Change Dir: /home/zaynutdin/CLionProjects/tp_cpp_hw1/cmake-build-debug/CMakeFiles/CMakeTmp

Run Build Command(s):/usr/bin/make -f Makefile cmTC_dfac4/fast && /usr/bin/make  -f CMakeFiles/cmTC_dfac4.dir/build.make CMakeFiles/cmTC_dfac4.dir/build
make[1]: вход в каталог «/home/zaynutdin/CLionProjects/tp_cpp_hw1/cmake-build-debug/CMakeFiles/CMakeTmp»
Building C object CMakeFiles/cmTC_dfac4.dir/src.c.o
/usr/bin/cc -DCMAKE_HAVE_LIBC_PTHREAD  -std=gnu99 -o CMakeFiles/cmTC_dfac4.dir/src.c.o -c /home/zaynutdin/CLionProjects/tp_cpp_hw1/cmake-build-debug/CMakeFiles/CMakeTmp/src.c
Linking C executable cmTC_dfac4
/home/zaynutdin/.local/share/JetBrains/Toolbox/apps/CLion/ch-0/213.5744.254/bin/cmake/linux/bin/cmake -E cmake_link_script CMakeFiles/cmTC_dfac4.dir/link.txt --verbose=1
/usr/bin/cc  -lgcov  CMakeFiles/cmTC_dfac4.dir/src.c.o -o cmTC_dfac4 
/usr/bin/ld: CMakeFiles/cmTC_dfac4.dir/src.c.o: в функции «main»:
src.c:(.text+0x46): неопределённая ссылка на «pthread_create»
/usr/bin/ld: src.c:(.text+0x52): неопределённая ссылка на «pthread_detach»
/usr/bin/ld: src.c:(.text+0x5e): неопределённая ссылка на «pthread_cancel»
/usr/bin/ld: src.c:(.text+0x6f): неопределённая ссылка на «pthread_join»
collect2: error: ld returned 1 exit status
make[1]: *** [CMakeFiles/cmTC_dfac4.dir/build.make:99: cmTC_dfac4] Ошибка 1
make[1]: выход из каталога «/home/zaynutdin/CLionProjects/tp_cpp_hw1/cmake-build-debug/CMakeFiles/CMakeTmp»
make: *** [Makefile:127: cmTC_dfac4/fast] Ошибка 2


Source file was:
#include <pthread.h>

static void* test_func(void* data)
{
  return data;
}

int main(void)
{
  pthread_t thread;
  pthread_create(&thread, NULL, test_func, NULL);
  pthread_detach(thread);
  pthread_cancel(thread);
  pthread_join(thread, NULL);
  pthread_atfork(NULL, NULL, NULL);
  pthread_exit(NULL);

  return 0;
}

Determining if the function pthread_create exists in the pthreads failed with the following output:
Change Dir: /home/zaynutdin/CLionProjects/tp_cpp_hw1/cmake-build-debug/CMakeFiles/CMakeTmp

Run Build Command(s):/usr/bin/make -f Makefile cmTC_bf21e/fast && /usr/bin/make  -f CMakeFiles/cmTC_bf21e.dir/build.make CMakeFiles/cmTC_bf21e.dir/build
make[1]: вход в каталог «/home/zaynutdin/CLionProjects/tp_cpp_hw1/cmake-build-debug/CMakeFiles/CMakeTmp»
Building C object CMakeFiles/cmTC_bf21e.dir/CheckFunctionExists.c.o
/usr/bin/cc   -DCHECK_FUNCTION_EXISTS=pthread_create -std=gnu99 -o CMakeFiles/cmTC_bf21e.dir/CheckFunctionExists.c.o -c /home/zaynutdin/.local/share/JetBrains/Toolbox/apps/CLion/ch-0/213.5744.254/bin/cmake/linux/share/cmake-3.21/Modules/CheckFunctionExists.c
Linking C executable cmTC_bf21e
/home/zaynutdin/.local/share/JetBrains/Toolbox/apps/CLion/ch-0/213.5744.254/bin/cmake/linux/bin/cmake -E cmake_link_script CMakeFiles/cmTC_bf21e.dir/link.txt --verbose=1
/usr/bin/cc  -DCHECK_FUNCTION_EXISTS=pthread_create  -lgcov  CMakeFiles/cmTC_bf21e.dir/CheckFunctionExists.c.o -o cmTC_bf21e  -lpthreads 
/usr/bin/ld: невозможно найти -lpthreads
collect2: error: ld returned 1 exit status
make[1]: *** [CMakeFiles/cmTC_bf21e.dir/build.make:99: cmTC_bf21e] Ошибка 1
make[1]: выход из каталога «/home/zaynutdin/CLionProjects/tp_cpp_hw1/cmake-build-debug/CMakeFiles/CMakeTmp»
make: *** [Makefile:127: cmTC_bf21e/fast] Ошибка 2



